This is pdfTeX, Version 3.1415926-2.5-1.40.14 (TeX Live 2013/Debian) (format=pdflatex 2016.1.13)  10 MAR 2016 11:59
entering extended mode
 restricted \write18 enabled.
 %&-line parsing enabled.
**plunging_breakers.tex
(./plunging_breakers.tex
LaTeX2e <2011/06/27>
Babel <3.9h> and hyphenation patterns for 78 languages loaded.
(/usr/share/texlive/texmf-dist/tex/latex/elsarticle/elsarticle.cls
Document Class: elsarticle 2009/09/17, 1.2.0: Elsevier Ltd
\@bls=\dimen102
(/usr/share/texlive/texmf-dist/tex/latex/base/article.cls
Document Class: article 2007/10/19 v1.4h Standard LaTeX document class
(/usr/share/texlive/texmf-dist/tex/latex/base/size10.clo
File: size10.clo 2007/10/19 v1.4h Standard LaTeX file (size option)
)
\c@part=\count79
\c@section=\count80
\c@subsection=\count81
\c@subsubsection=\count82
\c@paragraph=\count83
\c@subparagraph=\count84
\c@figure=\count85
\c@table=\count86
\abovecaptionskip=\skip41
\belowcaptionskip=\skip42
\bibindent=\dimen103
)
(/usr/share/texlive/texmf-dist/tex/latex/graphics/graphicx.sty
Package: graphicx 1999/02/16 v1.0f Enhanced LaTeX Graphics (DPC,SPQR)

(/usr/share/texlive/texmf-dist/tex/latex/graphics/keyval.sty
Package: keyval 1999/03/16 v1.13 key=value parser (DPC)
\KV@toks@=\toks14
)
(/usr/share/texlive/texmf-dist/tex/latex/graphics/graphics.sty
Package: graphics 2009/02/05 v1.0o Standard LaTeX Graphics (DPC,SPQR)

(/usr/share/texlive/texmf-dist/tex/latex/graphics/trig.sty
Package: trig 1999/03/16 v1.09 sin cos tan (DPC)
)
(/usr/share/texlive/texmf-dist/tex/latex/latexconfig/graphics.cfg
File: graphics.cfg 2010/04/23 v1.9 graphics configuration of TeX Live
)
Package graphics Info: Driver file: pdftex.def on input line 91.

(/usr/share/texlive/texmf-dist/tex/latex/pdftex-def/pdftex.def
File: pdftex.def 2011/05/27 v0.06d Graphics/color for pdfTeX

(/usr/share/texlive/texmf-dist/tex/generic/oberdiek/infwarerr.sty
Package: infwarerr 2010/04/08 v1.3 Providing info/warning/error messages (HO)
)
(/usr/share/texlive/texmf-dist/tex/generic/oberdiek/ltxcmds.sty
Package: ltxcmds 2011/11/09 v1.22 LaTeX kernel commands for general use (HO)
)
\Gread@gobject=\count87
))
\Gin@req@height=\dimen104
\Gin@req@width=\dimen105
)
(/usr/share/texlive/texmf-dist/tex/latex/psnfss/pifont.sty
Package: pifont 2005/04/12 PSNFSS-v9.2a Pi font support (SPQR) 
LaTeX Font Info:    Try loading font information for U+pzd on input line 63.

(/usr/share/texlive/texmf-dist/tex/latex/psnfss/upzd.fd
File: upzd.fd 2001/06/04 font definitions for U/pzd.
)
LaTeX Font Info:    Try loading font information for U+psy on input line 64.

(/usr/share/texlive/texmf-dist/tex/latex/psnfss/upsy.fd
File: upsy.fd 2001/06/04 font definitions for U/psy.
))
\c@tnote=\count88
\c@fnote=\count89
\c@cnote=\count90
\c@ead=\count91
\c@author=\count92
\@eadauthor=\toks15
\c@affn=\count93
\absbox=\box26
\keybox=\box27
\Columnwidth=\dimen106
\space@left=\dimen107
\els@boxa=\box28
\els@boxb=\box29
\leftMargin=\dimen108
\@enLab=\toks16
\@sep=\skip43
\@@sep=\skip44

(./plunging_breakers.spl) (./natbib.sty
Package: natbib 2000/07/24 7.0a (PWD)
\bibhang=\skip45
\bibsep=\skip46
LaTeX Info: Redefining \cite on input line 531.
\c@NAT@ctr=\count94
)
\splwrite=\write3
\openout3 = `plunging_breakers.spl'.

)

LaTeX Warning: You have requested package `',
               but the package provides `mystyles'.

Package: mystyles 
(/usr/share/texlive/texmf-dist/tex/latex/base/inputenc.sty
Package: inputenc 2008/03/30 v1.1d Input encoding file
\inpenc@prehook=\toks17
\inpenc@posthook=\toks18

(/usr/share/texlive/texmf-dist/tex/latex/base/utf8.def
File: utf8.def 2008/04/05 v1.1m UTF-8 support for inputenc
Now handling font encoding OML ...
... no UTF-8 mapping file for font encoding OML
Now handling font encoding T1 ...
... processing UTF-8 mapping file for font encoding T1

(/usr/share/texlive/texmf-dist/tex/latex/base/t1enc.dfu
File: t1enc.dfu 2008/04/05 v1.1m UTF-8 support for inputenc
   defining Unicode char U+00A1 (decimal 161)
   defining Unicode char U+00A3 (decimal 163)
   defining Unicode char U+00AB (decimal 171)
   defining Unicode char U+00BB (decimal 187)
   defining Unicode char U+00BF (decimal 191)
   defining Unicode char U+00C0 (decimal 192)
   defining Unicode char U+00C1 (decimal 193)
   defining Unicode char U+00C2 (decimal 194)
   defining Unicode char U+00C3 (decimal 195)
   defining Unicode char U+00C4 (decimal 196)
   defining Unicode char U+00C5 (decimal 197)
   defining Unicode char U+00C6 (decimal 198)
   defining Unicode char U+00C7 (decimal 199)
   defining Unicode char U+00C8 (decimal 200)
   defining Unicode char U+00C9 (decimal 201)
   defining Unicode char U+00CA (decimal 202)
   defining Unicode char U+00CB (decimal 203)
   defining Unicode char U+00CC (decimal 204)
   defining Unicode char U+00CD (decimal 205)
   defining Unicode char U+00CE (decimal 206)
   defining Unicode char U+00CF (decimal 207)
   defining Unicode char U+00D0 (decimal 208)
   defining Unicode char U+00D1 (decimal 209)
   defining Unicode char U+00D2 (decimal 210)
   defining Unicode char U+00D3 (decimal 211)
   defining Unicode char U+00D4 (decimal 212)
   defining Unicode char U+00D5 (decimal 213)
   defining Unicode char U+00D6 (decimal 214)
   defining Unicode char U+00D8 (decimal 216)
   defining Unicode char U+00D9 (decimal 217)
   defining Unicode char U+00DA (decimal 218)
   defining Unicode char U+00DB (decimal 219)
   defining Unicode char U+00DC (decimal 220)
   defining Unicode char U+00DD (decimal 221)
   defining Unicode char U+00DE (decimal 222)
   defining Unicode char U+00DF (decimal 223)
   defining Unicode char U+00E0 (decimal 224)
   defining Unicode char U+00E1 (decimal 225)
   defining Unicode char U+00E2 (decimal 226)
   defining Unicode char U+00E3 (decimal 227)
   defining Unicode char U+00E4 (decimal 228)
   defining Unicode char U+00E5 (decimal 229)
   defining Unicode char U+00E6 (decimal 230)
   defining Unicode char U+00E7 (decimal 231)
   defining Unicode char U+00E8 (decimal 232)
   defining Unicode char U+00E9 (decimal 233)
   defining Unicode char U+00EA (decimal 234)
   defining Unicode char U+00EB (decimal 235)
   defining Unicode char U+00EC (decimal 236)
   defining Unicode char U+00ED (decimal 237)
   defining Unicode char U+00EE (decimal 238)
   defining Unicode char U+00EF (decimal 239)
   defining Unicode char U+00F0 (decimal 240)
   defining Unicode char U+00F1 (decimal 241)
   defining Unicode char U+00F2 (decimal 242)
   defining Unicode char U+00F3 (decimal 243)
   defining Unicode char U+00F4 (decimal 244)
   defining Unicode char U+00F5 (decimal 245)
   defining Unicode char U+00F6 (decimal 246)
   defining Unicode char U+00F8 (decimal 248)
   defining Unicode char U+00F9 (decimal 249)
   defining Unicode char U+00FA (decimal 250)
   defining Unicode char U+00FB (decimal 251)
   defining Unicode char U+00FC (decimal 252)
   defining Unicode char U+00FD (decimal 253)
   defining Unicode char U+00FE (decimal 254)
   defining Unicode char U+00FF (decimal 255)
   defining Unicode char U+0102 (decimal 258)
   defining Unicode char U+0103 (decimal 259)
   defining Unicode char U+0104 (decimal 260)
   defining Unicode char U+0105 (decimal 261)
   defining Unicode char U+0106 (decimal 262)
   defining Unicode char U+0107 (decimal 263)
   defining Unicode char U+010C (decimal 268)
   defining Unicode char U+010D (decimal 269)
   defining Unicode char U+010E (decimal 270)
   defining Unicode char U+010F (decimal 271)
   defining Unicode char U+0110 (decimal 272)
   defining Unicode char U+0111 (decimal 273)
   defining Unicode char U+0118 (decimal 280)
   defining Unicode char U+0119 (decimal 281)
   defining Unicode char U+011A (decimal 282)
   defining Unicode char U+011B (decimal 283)
   defining Unicode char U+011E (decimal 286)
   defining Unicode char U+011F (decimal 287)
   defining Unicode char U+0130 (decimal 304)
   defining Unicode char U+0131 (decimal 305)
   defining Unicode char U+0132 (decimal 306)
   defining Unicode char U+0133 (decimal 307)
   defining Unicode char U+0139 (decimal 313)
   defining Unicode char U+013A (decimal 314)
   defining Unicode char U+013D (decimal 317)
   defining Unicode char U+013E (decimal 318)
   defining Unicode char U+0141 (decimal 321)
   defining Unicode char U+0142 (decimal 322)
   defining Unicode char U+0143 (decimal 323)
   defining Unicode char U+0144 (decimal 324)
   defining Unicode char U+0147 (decimal 327)
   defining Unicode char U+0148 (decimal 328)
   defining Unicode char U+014A (decimal 330)
   defining Unicode char U+014B (decimal 331)
   defining Unicode char U+0150 (decimal 336)
   defining Unicode char U+0151 (decimal 337)
   defining Unicode char U+0152 (decimal 338)
   defining Unicode char U+0153 (decimal 339)
   defining Unicode char U+0154 (decimal 340)
   defining Unicode char U+0155 (decimal 341)
   defining Unicode char U+0158 (decimal 344)
   defining Unicode char U+0159 (decimal 345)
   defining Unicode char U+015A (decimal 346)
   defining Unicode char U+015B (decimal 347)
   defining Unicode char U+015E (decimal 350)
   defining Unicode char U+015F (decimal 351)
   defining Unicode char U+0160 (decimal 352)
   defining Unicode char U+0161 (decimal 353)
   defining Unicode char U+0162 (decimal 354)
   defining Unicode char U+0163 (decimal 355)
   defining Unicode char U+0164 (decimal 356)
   defining Unicode char U+0165 (decimal 357)
   defining Unicode char U+016E (decimal 366)
   defining Unicode char U+016F (decimal 367)
   defining Unicode char U+0170 (decimal 368)
   defining Unicode char U+0171 (decimal 369)
   defining Unicode char U+0178 (decimal 376)
   defining Unicode char U+0179 (decimal 377)
   defining Unicode char U+017A (decimal 378)
   defining Unicode char U+017B (decimal 379)
   defining Unicode char U+017C (decimal 380)
   defining Unicode char U+017D (decimal 381)
   defining Unicode char U+017E (decimal 382)
   defining Unicode char U+200C (decimal 8204)
   defining Unicode char U+2013 (decimal 8211)
   defining Unicode char U+2014 (decimal 8212)
   defining Unicode char U+2018 (decimal 8216)
   defining Unicode char U+2019 (decimal 8217)
   defining Unicode char U+201A (decimal 8218)
   defining Unicode char U+201C (decimal 8220)
   defining Unicode char U+201D (decimal 8221)
   defining Unicode char U+201E (decimal 8222)
   defining Unicode char U+2030 (decimal 8240)
   defining Unicode char U+2031 (decimal 8241)
   defining Unicode char U+2039 (decimal 8249)
   defining Unicode char U+203A (decimal 8250)
   defining Unicode char U+2423 (decimal 9251)
)
Now handling font encoding OT1 ...
... processing UTF-8 mapping file for font encoding OT1

(/usr/share/texlive/texmf-dist/tex/latex/base/ot1enc.dfu
File: ot1enc.dfu 2008/04/05 v1.1m UTF-8 support for inputenc
   defining Unicode char U+00A1 (decimal 161)
   defining Unicode char U+00A3 (decimal 163)
   defining Unicode char U+00B8 (decimal 184)
   defining Unicode char U+00BF (decimal 191)
   defining Unicode char U+00C5 (decimal 197)
   defining Unicode char U+00C6 (decimal 198)
   defining Unicode char U+00D8 (decimal 216)
   defining Unicode char U+00DF (decimal 223)
   defining Unicode char U+00E6 (decimal 230)
   defining Unicode char U+00EC (decimal 236)
   defining Unicode char U+00ED (decimal 237)
   defining Unicode char U+00EE (decimal 238)
   defining Unicode char U+00EF (decimal 239)
   defining Unicode char U+00F8 (decimal 248)
   defining Unicode char U+0131 (decimal 305)
   defining Unicode char U+0141 (decimal 321)
   defining Unicode char U+0142 (decimal 322)
   defining Unicode char U+0152 (decimal 338)
   defining Unicode char U+0153 (decimal 339)
   defining Unicode char U+2013 (decimal 8211)
   defining Unicode char U+2014 (decimal 8212)
   defining Unicode char U+2018 (decimal 8216)
   defining Unicode char U+2019 (decimal 8217)
   defining Unicode char U+201C (decimal 8220)
   defining Unicode char U+201D (decimal 8221)
)
Now handling font encoding OMS ...
... processing UTF-8 mapping file for font encoding OMS

(/usr/share/texlive/texmf-dist/tex/latex/base/omsenc.dfu
File: omsenc.dfu 2008/04/05 v1.1m UTF-8 support for inputenc
   defining Unicode char U+00A7 (decimal 167)
   defining Unicode char U+00B6 (decimal 182)
   defining Unicode char U+00B7 (decimal 183)
   defining Unicode char U+2020 (decimal 8224)
   defining Unicode char U+2021 (decimal 8225)
   defining Unicode char U+2022 (decimal 8226)
)
Now handling font encoding OMX ...
... no UTF-8 mapping file for font encoding OMX
Now handling font encoding U ...
... no UTF-8 mapping file for font encoding U
   defining Unicode char U+00A9 (decimal 169)
   defining Unicode char U+00AA (decimal 170)
   defining Unicode char U+00AE (decimal 174)
   defining Unicode char U+00BA (decimal 186)
   defining Unicode char U+02C6 (decimal 710)
   defining Unicode char U+02DC (decimal 732)
   defining Unicode char U+200C (decimal 8204)
   defining Unicode char U+2026 (decimal 8230)
   defining Unicode char U+2122 (decimal 8482)
   defining Unicode char U+2423 (decimal 9251)
))
(/usr/share/texmf/tex/latex/lineno/lineno.sty
Package: lineno 2005/11/02 line numbers on paragraphs v4.41
\linenopenalty=\count95
\output=\toks19
\linenoprevgraf=\count96
\linenumbersep=\dimen109
\linenumberwidth=\dimen110
\c@linenumber=\count97
\c@pagewiselinenumber=\count98
\c@LN@truepage=\count99
\c@internallinenumber=\count100
\c@internallinenumbers=\count101
\quotelinenumbersep=\dimen111
\bframerule=\dimen112
\bframesep=\dimen113
\bframebox=\box30
LaTeX Info: Redefining \\ on input line 3056.
)
(/usr/share/texlive/texmf-dist/tex/latex/amsmath/amsmath.sty
Package: amsmath 2013/01/14 v2.14 AMS math features
\@mathmargin=\skip47

For additional information on amsmath, use the `?' option.
(/usr/share/texlive/texmf-dist/tex/latex/amsmath/amstext.sty
Package: amstext 2000/06/29 v2.01

(/usr/share/texlive/texmf-dist/tex/latex/amsmath/amsgen.sty
File: amsgen.sty 1999/11/30 v2.0
\@emptytoks=\toks20
\ex@=\dimen114
))
(/usr/share/texlive/texmf-dist/tex/latex/amsmath/amsbsy.sty
Package: amsbsy 1999/11/29 v1.2d
\pmbraise@=\dimen115
)
(/usr/share/texlive/texmf-dist/tex/latex/amsmath/amsopn.sty
Package: amsopn 1999/12/14 v2.01 operator names
)
\inf@bad=\count102
LaTeX Info: Redefining \frac on input line 210.
\uproot@=\count103
\leftroot@=\count104
LaTeX Info: Redefining \overline on input line 306.
\classnum@=\count105
\DOTSCASE@=\count106
LaTeX Info: Redefining \ldots on input line 378.
LaTeX Info: Redefining \dots on input line 381.
LaTeX Info: Redefining \cdots on input line 466.
\Mathstrutbox@=\box31
\strutbox@=\box32
\big@size=\dimen116
LaTeX Font Info:    Redeclaring font encoding OML on input line 566.
LaTeX Font Info:    Redeclaring font encoding OMS on input line 567.
\macc@depth=\count107
\c@MaxMatrixCols=\count108
\dotsspace@=\muskip10
\c@parentequation=\count109
\dspbrk@lvl=\count110
\tag@help=\toks21
\row@=\count111
\column@=\count112
\maxfields@=\count113
\andhelp@=\toks22
\eqnshift@=\dimen117
\alignsep@=\dimen118
\tagshift@=\dimen119
\tagwidth@=\dimen120
\totwidth@=\dimen121
\lineht@=\dimen122
\@envbody=\toks23
\multlinegap=\skip48
\multlinetaggap=\skip49
\mathdisplay@stack=\toks24
LaTeX Info: Redefining \[ on input line 2665.
LaTeX Info: Redefining \] on input line 2666.
)
(/usr/share/texlive/texmf-dist/tex/latex/preprint/authblk.sty
Package: authblk 2001/02/27 1.3 (PWD)
\affilsep=\skip50
\@affilsep=\skip51
\c@Maxaffil=\count114
\c@authors=\count115
\c@affil=\count116

! Argument of \@author has an extra }.
<inserted text> 
                \par 
l.113 ...f\AB@author{\noexpand\AB@blk@and\@author}
                                                  
? 
Runaway argument?
! Paragraph ended before \@author was complete.
<to be read again> 
                   \par 
l.113 ...f\AB@author{\noexpand\AB@blk@and\@author}
                                                  
? 
) (/usr/share/texlive/texmf-dist/tex/latex/mhchem/mhchem.sty
Package: mhchem 2014/02/01 v3.15 for typesetting chemical formulae

(/usr/share/texlive/texmf-dist/tex/latex/base/ifthen.sty
Package: ifthen 2001/05/26 v1.1c Standard LaTeX ifthen package (DPC)
)
(/usr/share/texlive/texmf-dist/tex/latex/tools/calc.sty
Package: calc 2007/08/22 v4.3 Infix arithmetic (KKT,FJ)
\calc@Acount=\count117
\calc@Bcount=\count118
\calc@Adimen=\dimen123
\calc@Bdimen=\dimen124
\calc@Askip=\skip52
\calc@Bskip=\skip53
LaTeX Info: Redefining \setlength on input line 76.
LaTeX Info: Redefining \addtolength on input line 77.
\calc@Ccount=\count119
\calc@Cskip=\skip54
)
(/usr/share/texlive/texmf-dist/tex/latex/oberdiek/twoopt.sty
Package: twoopt 2008/08/11 v1.5 Definitions with two optional arguments (HO)
)
(/usr/share/texlive/texmf-dist/tex/generic/oberdiek/pdftexcmds.sty
Package: pdftexcmds 2011/11/29 v0.20 Utility functions of pdfTeX for LuaTeX (HO
)

(/usr/share/texlive/texmf-dist/tex/generic/oberdiek/ifluatex.sty
Package: ifluatex 2010/03/01 v1.3 Provides the ifluatex switch (HO)
Package ifluatex Info: LuaTeX not detected.
)
(/usr/share/texlive/texmf-dist/tex/generic/oberdiek/ifpdf.sty
Package: ifpdf 2011/01/30 v2.3 Provides the ifpdf switch (HO)
Package ifpdf Info: pdfTeX in PDF mode is detected.
)
Package pdftexcmds Info: LuaTeX not detected.
Package pdftexcmds Info: \pdf@primitive is available.
Package pdftexcmds Info: \pdf@ifprimitive is available.
Package pdftexcmds Info: \pdfdraftmode found.
)
(/usr/share/texlive/texmf-dist/tex/latex/l3kernel/expl3.sty
(/usr/share/texlive/texmf-dist/tex/latex/l3kernel/l3names.sty
(/usr/share/texlive/texmf-dist/tex/latex/l3kernel/l3bootstrap.sty
Package: l3bootstrap 2014/01/04 v4640 L3 Experimental bootstrap code
)
Package: l3names 2014/01/04 v4640 L3 Namespace for primitives
)
(/usr/share/texlive/texmf-dist/tex/latex/etex-pkg/etex.sty
Package: etex 1998/03/26 v2.0 eTeX basic definition package (PEB)
\et@xins=\count120
)
Package: expl3 2014/01/07 v4646 L3 Experimental code bundle wrapper

(/usr/share/texlive/texmf-dist/tex/latex/l3kernel/l3basics.sty
Package: l3basics 2014/01/04 v4642 L3 Basic definitions
)
(/usr/share/texlive/texmf-dist/tex/latex/l3kernel/l3expan.sty
Package: l3expan 2014/01/04 v4642 L3 Argument expansion
)
(/usr/share/texlive/texmf-dist/tex/latex/l3kernel/l3tl.sty
Package: l3tl 2013/12/27 v4625 L3 Token lists
)
(/usr/share/texlive/texmf-dist/tex/latex/l3kernel/l3seq.sty
Package: l3seq 2013/12/14 v4623 L3 Sequences and stacks
)
(/usr/share/texlive/texmf-dist/tex/latex/l3kernel/l3int.sty
Package: l3int 2013/08/02 v4583 L3 Integers
\c_max_int=\count121
\l_tmpa_int=\count122
\l_tmpb_int=\count123
\g_tmpa_int=\count124
\g_tmpb_int=\count125
)
(/usr/share/texlive/texmf-dist/tex/latex/l3kernel/l3quark.sty
Package: l3quark 2013/12/14 v4623 L3 Quarks
)
(/usr/share/texlive/texmf-dist/tex/latex/l3kernel/l3prg.sty
Package: l3prg 2014/01/04 v4642 L3 Control structures
\g__prg_map_int=\count126
)
(/usr/share/texlive/texmf-dist/tex/latex/l3kernel/l3clist.sty
Package: l3clist 2013/07/28 v4581 L3 Comma separated lists
)
(/usr/share/texlive/texmf-dist/tex/latex/l3kernel/l3token.sty
Package: l3token 2013/08/25 v4587 L3 Experimental token manipulation
)
(/usr/share/texlive/texmf-dist/tex/latex/l3kernel/l3prop.sty
Package: l3prop 2013/12/14 v4623 L3 Property lists
)
(/usr/share/texlive/texmf-dist/tex/latex/l3kernel/l3msg.sty
Package: l3msg 2013/07/28 v4581 L3 Messages
)
(/usr/share/texlive/texmf-dist/tex/latex/l3kernel/l3file.sty
Package: l3file 2013/10/13 v4596 L3 File and I/O operations
\l_iow_line_count_int=\count127
\l__iow_target_count_int=\count128
\l__iow_current_line_int=\count129
\l__iow_current_word_int=\count130
\l__iow_current_indentation_int=\count131
)
(/usr/share/texlive/texmf-dist/tex/latex/l3kernel/l3skip.sty
Package: l3skip 2013/07/28 v4581 L3 Dimensions and skips
\c_zero_dim=\dimen125
\c_max_dim=\dimen126
\l_tmpa_dim=\dimen127
\l_tmpb_dim=\dimen128
\g_tmpa_dim=\dimen129
\g_tmpb_dim=\dimen130
\c_zero_skip=\skip55
\c_max_skip=\skip56
\l_tmpa_skip=\skip57
\l_tmpb_skip=\skip58
\g_tmpa_skip=\skip59
\g_tmpb_skip=\skip60
\c_zero_muskip=\muskip11
\c_max_muskip=\muskip12
\l_tmpa_muskip=\muskip13
\l_tmpb_muskip=\muskip14
\g_tmpa_muskip=\muskip15
\g_tmpb_muskip=\muskip16
)
(/usr/share/texlive/texmf-dist/tex/latex/l3kernel/l3keys.sty
Package: l3keys 2013/12/08 v4614 L3 Experimental key-value interfaces
\g__keyval_level_int=\count132
\l_keys_choice_int=\count133
)
(/usr/share/texlive/texmf-dist/tex/latex/l3kernel/l3fp.sty
Package: l3fp 2014/01/04 v4642 L3 Floating points
\c__fp_leading_shift_int=\count134
\c__fp_middle_shift_int=\count135
\c__fp_trailing_shift_int=\count136
\c__fp_big_leading_shift_int=\count137
\c__fp_big_middle_shift_int=\count138
\c__fp_big_trailing_shift_int=\count139
\c__fp_Bigg_leading_shift_int=\count140
\c__fp_Bigg_middle_shift_int=\count141
\c__fp_Bigg_trailing_shift_int=\count142
)
(/usr/share/texlive/texmf-dist/tex/latex/l3kernel/l3box.sty
Package: l3box 2013/07/28 v4581 L3 Experimental boxes
\c_empty_box=\box33
\l_tmpa_box=\box34
\l_tmpb_box=\box35
\g_tmpa_box=\box36
\g_tmpb_box=\box37
)
(/usr/share/texlive/texmf-dist/tex/latex/l3kernel/l3coffins.sty
Package: l3coffins 2013/12/14 v4624 L3 Coffin code layer
\l__coffin_internal_box=\box38
\l__coffin_internal_dim=\dimen131
\l__coffin_offset_x_dim=\dimen132
\l__coffin_offset_y_dim=\dimen133
\l__coffin_x_dim=\dimen134
\l__coffin_y_dim=\dimen135
\l__coffin_x_prime_dim=\dimen136
\l__coffin_y_prime_dim=\dimen137
\c_empty_coffin=\box39
\l__coffin_aligned_coffin=\box40
\l__coffin_aligned_internal_coffin=\box41
\l_tmpa_coffin=\box42
\l_tmpb_coffin=\box43
\l__coffin_display_coffin=\box44
\l__coffin_display_coord_coffin=\box45
\l__coffin_display_pole_coffin=\box46
\l__coffin_display_offset_dim=\dimen138
\l__coffin_display_x_dim=\dimen139
\l__coffin_display_y_dim=\dimen140
)
(/usr/share/texlive/texmf-dist/tex/latex/l3kernel/l3color.sty
Package: l3color 2012/08/29 v4156 L3 Experimental color support
)
(/usr/share/texlive/texmf-dist/tex/latex/l3kernel/l3luatex.sty
Package: l3luatex 2013/07/28 v4581 L3 Experimental LuaTeX-specific functions
\g__cctab_allocate_int=\count143
\g__cctab_stack_int=\count144
)
(/usr/share/texlive/texmf-dist/tex/latex/l3kernel/l3candidates.sty
Package: l3candidates 2014/01/06 v4643 L3 Experimental additions to l3kernel
\l__box_top_dim=\dimen141
\l__box_bottom_dim=\dimen142
\l__box_left_dim=\dimen143
\l__box_right_dim=\dimen144
\l__box_top_new_dim=\dimen145
\l__box_bottom_new_dim=\dimen146
\l__box_left_new_dim=\dimen147
\l__box_right_new_dim=\dimen148
\l__box_internal_box=\box47
\l__coffin_bounding_shift_dim=\dimen149
\l__coffin_left_corner_dim=\dimen150
\l__coffin_right_corner_dim=\dimen151
\l__coffin_bottom_corner_dim=\dimen152
\l__coffin_top_corner_dim=\dimen153
\l__coffin_scaled_total_height_dim=\dimen154
\l__coffin_scaled_width_dim=\dimen155
))
\mhchem@ce@result=\toks25
\mhchem@ce@part=\toks26
\mhchem@arrow@deployType=\toks27
\mhchem@arrow@params=\toks28
\mhchem@arrowlength@pgf=\skip61
\mhchem@bondwidth=\skip62
\mhchem@bondheight=\skip63
\mhchem@smallbondwidth@tmpA=\skip64
\mhchem@smallbondwidth@tmpB=\skip65
\mhchem@smallbondwidth=\skip66
\__mhchem_option_version_int=\count145
\mhchem@prepostscript@tmp@i=\skip67
\mhchem@prepostscript@tmp@ii=\skip68
\mhchem@mathbox@tmp@i=\skip69
\mhchem@mathbox@tmp@ii=\skip70
\mhchem@minispace@tmp=\skip71
\mhchem@option@minussidebearingleft=\skip72
\mhchem@option@minussidebearingright=\skip73
)
(/usr/share/texlive/texmf-dist/tex/latex/url/url.sty
\Urlmuskip=\muskip17
Package: url 2013/09/16  ver 3.4  Verb mode for urls, etc.
)
(/usr/share/texlive/texmf-dist/tex/latex/listings/listings.sty
\lst@mode=\count146
\lst@gtempboxa=\box48
\lst@token=\toks29
\lst@length=\count147
\lst@currlwidth=\dimen156
\lst@column=\count148
\lst@pos=\count149
\lst@lostspace=\dimen157
\lst@width=\dimen158
\lst@newlines=\count150
\lst@lineno=\count151
\lst@maxwidth=\dimen159

(/usr/share/texlive/texmf-dist/tex/latex/listings/lstmisc.sty
File: lstmisc.sty 2013/08/26 1.5b (Carsten Heinz)
\c@lstnumber=\count152
\lst@skipnumbers=\count153
\lst@framebox=\box49
)
(/usr/share/texlive/texmf-dist/tex/latex/listings/listings.cfg
File: listings.cfg 2013/08/26 1.5b listings configuration
))
Package: listings 2013/08/26 1.5b (Carsten Heinz)

(/usr/share/texlive/texmf-dist/tex/latex/caption/caption.sty
Package: caption 2013/05/02 v3.3-89 Customizing captions (AR)

(/usr/share/texlive/texmf-dist/tex/latex/caption/caption3.sty
Package: caption3 2013/05/02 v1.6-88 caption3 kernel (AR)
Package caption3 Info: TeX engine: e-TeX on input line 57.
\captionmargin=\dimen160
\captionmargin@=\dimen161
\captionwidth=\dimen162
\caption@tempdima=\dimen163
\caption@indent=\dimen164
\caption@parindent=\dimen165
\caption@hangindent=\dimen166
)
\c@ContinuedFloat=\count154
Package caption Info: listings package is loaded.
)
(/usr/share/texlive/texmf-dist/tex/latex/caption/subcaption.sty
Package: subcaption 2013/02/03 v1.1-62 Sub-captions (AR)
\c@subfigure=\count155
\c@subtable=\count156
)
(/usr/share/texlive/texmf-dist/tex/latex/amsfonts/amssymb.sty
Package: amssymb 2013/01/14 v3.01 AMS font symbols

(/usr/share/texlive/texmf-dist/tex/latex/amsfonts/amsfonts.sty
Package: amsfonts 2013/01/14 v3.01 Basic AMSFonts support
\symAMSa=\mathgroup4
\symAMSb=\mathgroup5
LaTeX Font Info:    Overwriting math alphabet `\mathfrak' in version `bold'
(Font)                  U/euf/m/n --> U/euf/b/n on input line 106.
))
(/usr/share/texlive/texmf-dist/tex/generic/ulem/ulem.sty
\UL@box=\box50
\UL@hyphenbox=\box51
\UL@skip=\skip74
\UL@hook=\toks30
\UL@height=\dimen167
\UL@pe=\count157
\UL@pixel=\dimen168
\ULC@box=\box52
Package: ulem 2012/05/18
\ULdepth=\dimen169
)
(/usr/share/texlive/texmf-dist/tex/latex/pdfpages/pdfpages.sty
Package: pdfpages 2013/08/25 v0.4v Insert pages of external PDF documents (AM)

(/usr/share/texlive/texmf-dist/tex/latex/eso-pic/eso-pic.sty
Package: eso-pic 2013/10/06 v2.0d eso-pic (RN)

(/usr/share/texlive/texmf-dist/tex/generic/oberdiek/atbegshi.sty
Package: atbegshi 2011/10/05 v1.16 At begin shipout hook (HO)
)
(/usr/share/texmf/tex/latex/xcolor/xcolor.sty
Package: xcolor 2007/01/21 v2.11 LaTeX color extensions (UK)

(/usr/share/texlive/texmf-dist/tex/latex/latexconfig/color.cfg
File: color.cfg 2007/01/18 v1.5 color configuration of teTeX/TeXLive
)
Package xcolor Info: Driver file: pdftex.def on input line 225.
Package xcolor Info: Model `cmy' substituted by `cmy0' on input line 1337.
Package xcolor Info: Model `hsb' substituted by `rgb' on input line 1341.
Package xcolor Info: Model `RGB' extended on input line 1353.
Package xcolor Info: Model `HTML' substituted by `rgb' on input line 1355.
Package xcolor Info: Model `Hsb' substituted by `hsb' on input line 1356.
Package xcolor Info: Model `tHsb' substituted by `hsb' on input line 1357.
Package xcolor Info: Model `HSB' substituted by `hsb' on input line 1358.
Package xcolor Info: Model `Gray' substituted by `gray' on input line 1359.
Package xcolor Info: Model `wave' substituted by `hsb' on input line 1360.
))
(/usr/share/texlive/texmf-dist/tex/latex/pdfpages/pppdftex.def
File: pppdftex.def 2013/08/25 v0.4v Pdfpages driver for pdfTeX (AM)
)
\AM@pagebox=\box53
\AM@toc@title=\toks31
\c@AM@survey=\count158
\AM@templatesizebox=\box54
)
(/usr/share/texlive/texmf-dist/tex/latex/appendix/appendix.sty
Package: appendix 2009/09/02 v1.2b extra appendix facilities
\c@@pps=\count159
\c@@ppsavesec=\count160
\c@@ppsaveapp=\count161
)
(/usr/share/texlive/texmf-dist/tex/latex/float/float.sty
Package: float 2001/11/08 v1.3d Float enhancements (AL)
\c@float@type=\count162
\float@exts=\toks32
\float@box=\box55
\@float@everytoks=\toks33
\@floatcapt=\box56
)
\@float@every@figure=\toks34

(/usr/share/texlive/texmf-dist/tex/latex/wrapfig/wrapfig.sty
\wrapoverhang=\dimen170
\WF@size=\dimen171
\c@WF@wrappedlines=\count163
\WF@box=\box57
\WF@everypar=\toks35
Package: wrapfig 2003/01/31  v 3.6
)
(/usr/share/texlive/texmf-dist/tex/latex/booktabs/booktabs.sty
Package: booktabs 2005/04/14 v1.61803 publication quality tables
\heavyrulewidth=\dimen172
\lightrulewidth=\dimen173
\cmidrulewidth=\dimen174
\belowrulesep=\dimen175
\belowbottomsep=\dimen176
\aboverulesep=\dimen177
\abovetopsep=\dimen178
\cmidrulesep=\dimen179
\cmidrulekern=\dimen180
\defaultaddspace=\dimen181
\@cmidla=\count164
\@cmidlb=\count165
\@aboverulesep=\dimen182
\@belowrulesep=\dimen183
\@thisruleclass=\count166
\@lastruleclass=\count167
\@thisrulewidth=\dimen184
)
(/usr/share/texlive/texmf-dist/tex/latex/tools/longtable.sty
Package: longtable 2004/02/01 v4.11 Multi-page Table package (DPC)
\LTleft=\skip75
\LTright=\skip76
\LTpre=\skip77
\LTpost=\skip78
\LTchunksize=\count168
\LTcapwidth=\dimen185
\LT@head=\box58
\LT@firsthead=\box59
\LT@foot=\box60
\LT@lastfoot=\box61
\LT@cols=\count169
\LT@rows=\count170
\c@LT@tables=\count171
\c@LT@chunks=\count172
\LT@p@ftn=\toks36
)
(/usr/share/texlive/texmf-dist/tex/latex/changepage/changepage.sty
Package: changepage 2009/10/20 v1.0c check page and change page layout
\c@cp@cntr=\count173
\cp@tempcnt=\count174
)
(/usr/share/texlive/texmf-dist/tex/latex/hyperref/hyperref.sty
Package: hyperref 2012/11/06 v6.83m Hypertext links for LaTeX

(/usr/share/texlive/texmf-dist/tex/generic/oberdiek/hobsub-hyperref.sty
Package: hobsub-hyperref 2012/05/28 v1.13 Bundle oberdiek, subset hyperref (HO)


(/usr/share/texlive/texmf-dist/tex/generic/oberdiek/hobsub-generic.sty
Package: hobsub-generic 2012/05/28 v1.13 Bundle oberdiek, subset generic (HO)
Package: hobsub 2012/05/28 v1.13 Construct package bundles (HO)
Package hobsub Info: Skipping package `infwarerr' (already loaded).
Package hobsub Info: Skipping package `ltxcmds' (already loaded).
Package hobsub Info: Skipping package `ifluatex' (already loaded).
Package: ifvtex 2010/03/01 v1.5 Detect VTeX and its facilities (HO)
Package ifvtex Info: VTeX not detected.
Package: intcalc 2007/09/27 v1.1 Expandable calculations with integers (HO)
Package hobsub Info: Skipping package `ifpdf' (already loaded).
Package: etexcmds 2011/02/16 v1.5 Avoid name clashes with e-TeX commands (HO)
Package etexcmds Info: Could not find \expanded.
(etexcmds)             That can mean that you are not using pdfTeX 1.50 or
(etexcmds)             that some package has redefined \expanded.
(etexcmds)             In the latter case, load this package earlier.
Package: kvsetkeys 2012/04/25 v1.16 Key value parser (HO)
Package: kvdefinekeys 2011/04/07 v1.3 Define keys (HO)
Package hobsub Info: Skipping package `pdftexcmds' (already loaded).
Package: pdfescape 2011/11/25 v1.13 Implements pdfTeX's escape features (HO)
Package: bigintcalc 2012/04/08 v1.3 Expandable calculations on big integers (HO
)
Package: bitset 2011/01/30 v1.1 Handle bit-vector datatype (HO)
Package: uniquecounter 2011/01/30 v1.2 Provide unlimited unique counter (HO)
)
Package hobsub Info: Skipping package `hobsub' (already loaded).
Package: letltxmacro 2010/09/02 v1.4 Let assignment for LaTeX macros (HO)
Package: hopatch 2012/05/28 v1.2 Wrapper for package hooks (HO)
Package: xcolor-patch 2011/01/30 xcolor patch
Package: atveryend 2011/06/30 v1.8 Hooks at the very end of document (HO)
Package atveryend Info: \enddocument detected (standard20110627).
Package hobsub Info: Skipping package `atbegshi' (already loaded).
Package: refcount 2011/10/16 v3.4 Data extraction from label references (HO)
Package: hycolor 2011/01/30 v1.7 Color options for hyperref/bookmark (HO)
)
(/usr/share/texlive/texmf-dist/tex/generic/ifxetex/ifxetex.sty
Package: ifxetex 2010/09/12 v0.6 Provides ifxetex conditional
)
(/usr/share/texlive/texmf-dist/tex/latex/oberdiek/auxhook.sty
Package: auxhook 2011/03/04 v1.3 Hooks for auxiliary files (HO)
)
(/usr/share/texlive/texmf-dist/tex/latex/oberdiek/kvoptions.sty
Package: kvoptions 2011/06/30 v3.11 Key value format for package options (HO)
)
\@linkdim=\dimen186
\Hy@linkcounter=\count175
\Hy@pagecounter=\count176

(/usr/share/texlive/texmf-dist/tex/latex/hyperref/pd1enc.def
File: pd1enc.def 2012/11/06 v6.83m Hyperref: PDFDocEncoding definition (HO)
Now handling font encoding PD1 ...
... no UTF-8 mapping file for font encoding PD1
)
\Hy@SavedSpaceFactor=\count177

(/usr/share/texlive/texmf-dist/tex/latex/latexconfig/hyperref.cfg
File: hyperref.cfg 2002/06/06 v1.2 hyperref configuration of TeXLive
)
Package hyperref Info: Hyper figures OFF on input line 4443.
Package hyperref Info: Link nesting OFF on input line 4448.
Package hyperref Info: Hyper index ON on input line 4451.
Package hyperref Info: Plain pages OFF on input line 4458.
Package hyperref Info: Backreferencing OFF on input line 4463.
Package hyperref Info: Implicit mode ON; LaTeX internals redefined.
Package hyperref Info: Bookmarks ON on input line 4688.
\c@Hy@tempcnt=\count178
LaTeX Info: Redefining \url on input line 5041.
\XeTeXLinkMargin=\dimen187
\Fld@menulength=\count179
\Field@Width=\dimen188
\Fld@charsize=\dimen189
Package hyperref Info: Hyper figures OFF on input line 6295.
Package hyperref Info: Link nesting OFF on input line 6300.
Package hyperref Info: Hyper index ON on input line 6303.
Package hyperref Info: backreferencing OFF on input line 6310.
Package hyperref Info: Link coloring OFF on input line 6315.
Package hyperref Info: Link coloring with OCG OFF on input line 6320.
Package hyperref Info: PDF/A mode OFF on input line 6325.
LaTeX Info: Redefining \ref on input line 6365.
LaTeX Info: Redefining \pageref on input line 6369.
\Hy@abspage=\count180
\c@Item=\count181
\c@Hfootnote=\count182
)

Package hyperref Message: Driver (autodetected): hpdftex.

(/usr/share/texlive/texmf-dist/tex/latex/hyperref/hpdftex.def
File: hpdftex.def 2012/11/06 v6.83m Hyperref driver for pdfTeX
\Fld@listcount=\count183
\c@bookmark@seq@number=\count184

(/usr/share/texlive/texmf-dist/tex/latex/oberdiek/rerunfilecheck.sty
Package: rerunfilecheck 2011/04/15 v1.7 Rerun checks for auxiliary files (HO)
Package uniquecounter Info: New unique counter `rerunfilecheck' on input line 2
82.
)
\Hy@SectionHShift=\skip79
)
\@float@every@table=\toks37

(/usr/share/texlive/texmf-dist/tex/latex/rotating/rotating.sty
Package: rotating 2009/03/28 v2.16a rotated objects in LaTeX
\c@r@tfl@t=\count185
\rotFPtop=\skip80
\rotFPbot=\skip81
\rot@float@box=\box62
\rot@mess@toks=\toks38
)
(/usr/share/texlive/texmf-dist/tex/latex/geometry/geometry.sty
Package: geometry 2010/09/12 v5.6 Page Geometry
\Gm@cnth=\count186
\Gm@cntv=\count187
\c@Gm@tempcnt=\count188
\Gm@bindingoffset=\dimen190
\Gm@wd@mp=\dimen191
\Gm@odd@mp=\dimen192
\Gm@even@mp=\dimen193
\Gm@layoutwidth=\dimen194
\Gm@layoutheight=\dimen195
\Gm@layouthoffset=\dimen196
\Gm@layoutvoffset=\dimen197
\Gm@dimlist=\toks39
)
(./plunging_breakers.aux)
\openout1 = `plunging_breakers.aux'.

LaTeX Font Info:    Checking defaults for OML/cmm/m/it on input line 49.
LaTeX Font Info:    ... okay on input line 49.
LaTeX Font Info:    Checking defaults for T1/cmr/m/n on input line 49.
LaTeX Font Info:    ... okay on input line 49.
LaTeX Font Info:    Checking defaults for OT1/cmr/m/n on input line 49.
LaTeX Font Info:    ... okay on input line 49.
LaTeX Font Info:    Checking defaults for OMS/cmsy/m/n on input line 49.
LaTeX Font Info:    ... okay on input line 49.
LaTeX Font Info:    Checking defaults for OMX/cmex/m/n on input line 49.
LaTeX Font Info:    ... okay on input line 49.
LaTeX Font Info:    Checking defaults for U/cmr/m/n on input line 49.
LaTeX Font Info:    ... okay on input line 49.
LaTeX Font Info:    Checking defaults for PD1/pdf/m/n on input line 49.
LaTeX Font Info:    ... okay on input line 49.

(/usr/share/texlive/texmf-dist/tex/context/base/supp-pdf.mkii
[Loading MPS to PDF converter (version 2006.09.02).]
\scratchcounter=\count189
\scratchdimen=\dimen198
\scratchbox=\box63
\nofMPsegments=\count190
\nofMParguments=\count191
\everyMPshowfont=\toks40
\MPscratchCnt=\count192
\MPscratchDim=\dimen199
\MPnumerator=\count193
\makeMPintoPDFobject=\count194
\everyMPtoPDFconversion=\toks41
) (/usr/share/texlive/texmf-dist/tex/latex/oberdiek/epstopdf-base.sty
Package: epstopdf-base 2010/02/09 v2.5 Base part for package epstopdf

(/usr/share/texlive/texmf-dist/tex/latex/oberdiek/grfext.sty
Package: grfext 2010/08/19 v1.1 Manage graphics extensions (HO)
)
Package grfext Info: Graphics extension search list:
(grfext)             [.png,.pdf,.jpg,.mps,.jpeg,.jbig2,.jb2,.PNG,.PDF,.JPG,.JPE
G,.JBIG2,.JB2,.eps]
(grfext)             \AppendGraphicsExtensions on input line 452.

(/usr/share/texlive/texmf-dist/tex/latex/latexconfig/epstopdf-sys.cfg
File: epstopdf-sys.cfg 2010/07/13 v1.3 Configuration of (r)epstopdf for TeX Liv
e
))
\c@lstlisting=\count195
Package caption Info: Begin \AtBeginDocument code.
Package caption Info: float package is loaded.
Package caption Info: hyperref package is loaded.
Package caption Info: longtable package is loaded.

(/usr/share/texlive/texmf-dist/tex/latex/caption/ltcaption.sty
Package: ltcaption 2013/02/03 v1.3-62 longtable captions (AR)
)
Package caption Info: rotating package is loaded.
Package caption Info: wrapfig package is loaded.
Package caption Info: End \AtBeginDocument code.
\AtBeginShipoutBox=\box64
Package hyperref Info: Link coloring OFF on input line 49.

(/usr/share/texlive/texmf-dist/tex/latex/hyperref/nameref.sty
Package: nameref 2012/10/27 v2.43 Cross-referencing by name of section

(/usr/share/texlive/texmf-dist/tex/generic/oberdiek/gettitlestring.sty
Package: gettitlestring 2010/12/03 v1.4 Cleanup title references (HO)
)
\c@section@level=\count196
)
LaTeX Info: Redefining \ref on input line 49.
LaTeX Info: Redefining \pageref on input line 49.
LaTeX Info: Redefining \nameref on input line 49.

(./plunging_breakers.out) (./plunging_breakers.out)
\@outlinefile=\write4
\openout4 = `plunging_breakers.out'.


*geometry* driver: auto-detecting
*geometry* detected driver: pdftex
*geometry* verbose mode - [ preamble ] result:
* driver: pdftex
* paper: <default>
* layout: <same size as paper>
* layoutoffset:(h,v)=(0.0pt,0.0pt)
* modes: 
* h-part:(L,W,R)=(72.26999pt, 469.75502pt, 72.26999pt)
* v-part:(T,H,B)=(72.26999pt, 650.43001pt, 72.26999pt)
* \paperwidth=614.295pt
* \paperheight=794.96999pt
* \textwidth=469.75502pt
* \textheight=650.43001pt
* \oddsidemargin=0.0pt
* \evensidemargin=0.0pt
* \topmargin=-37.0pt
* \headheight=12.0pt
* \headsep=25.0pt
* \topskip=10.0pt
* \footskip=30.0pt
* \marginparwidth=65.0pt
* \marginparsep=11.0pt
* \columnsep=10.0pt
* \skip\footins=24.0pt
* \hoffset=0.0pt
* \voffset=0.0pt
* \mag=1000
* \@twocolumnfalse
* \@twosidefalse
* \@mparswitchfalse
* \@reversemarginfalse
* (1in=72.27pt=25.4mm, 1cm=28.453pt)

LaTeX Font Info:    Try loading font information for U+msa on input line 64.
(/usr/share/texlive/texmf-dist/tex/latex/amsfonts/umsa.fd
File: umsa.fd 2013/01/14 v3.01 AMS symbols A
)
LaTeX Font Info:    Try loading font information for U+msb on input line 64.

(/usr/share/texlive/texmf-dist/tex/latex/amsfonts/umsb.fd
File: umsb.fd 2013/01/14 v3.01 AMS symbols B
) [1


{/var/lib/texmf/fonts/map/pdftex/updmap/pdftex.map}]

LaTeX Warning: No positions in optional float specifier.
               Default added (so using `tbp') on input line 128.

<./Figures/setup3.png, id=84, 1052.93375pt x 414.54875pt>
File: ./Figures/setup3.png Graphic file (type png)

<use ./Figures/setup3.png>
Package pdftex.def Info: ./Figures/setup3.png used on input line 130.
(pdftex.def)             Requested size: 469.75502pt x 184.94485pt.


LaTeX Warning: No positions in optional float specifier.
               Default added (so using `tbp') on input line 139.

[2] [3 <./Figures/setup3.png>]
Underfull \hbox (badness 2671) in paragraph at lines 183--183
[]\OT1/cmr/m/n/8 cannot just say
 []


LaTeX Warning: No positions in optional float specifier.
               Default added (so using `tbp') on input line 185.

Package epstopdf Info: Source file: <./Figures/BUBBLE/new_jan_bilde_bub.eps>
(epstopdf)                    date: 2016-01-20 13:37:50
(epstopdf)                    size: 62211 bytes
(epstopdf)             Output file: <./Figures/BUBBLE/new_jan_bilde_bub-eps-con
verted-to.pdf>
(epstopdf)                    date: 2016-01-20 13:39:32
(epstopdf)                    size: 158495 bytes
(epstopdf)             Command: <repstopdf --outfile=./Figures/BUBBLE/new_jan_b
ilde_bub-eps-converted-to.pdf ./Figures/BUBBLE/new_jan_bilde_bub.eps>
(epstopdf)             \includegraphics on input line 187.
Package epstopdf Info: Output file is already uptodate.

<./Figures/BUBBLE/new_jan_bilde_bub-eps-converted-to.pdf, id=112, 405.515pt x 1
16.435pt>
File: ./Figures/BUBBLE/new_jan_bilde_bub-eps-converted-to.pdf Graphic file (typ
e pdf)
 <use ./Figures/BUBBLE/new_jan_bilde_bub-eps-converted-to.pdf>
Package pdftex.def Info: ./Figures/BUBBLE/new_jan_bilde_bub-eps-converted-to.pd
f used on input line 187.
(pdftex.def)             Requested size: 405.51399pt x 116.43471pt.

Underfull \hbox (badness 7326) in paragraph at lines 205--205
\OT1/cmr/m/n/8 there and how
 []

[4 <./Figures/BUBBLE/new_jan_bilde_bub-eps-converted-to.pdf>]
Package epstopdf Info: Source file: <./Figures/BIM/BIM_probes.eps>
(epstopdf)                    date: 2016-03-01 17:46:16
(epstopdf)                    size: 159508 bytes
(epstopdf)             Output file: <./Figures/BIM/BIM_probes-eps-converted-to.
pdf>
(epstopdf)                    date: 2016-03-01 17:46:16
(epstopdf)                    size: 32552 bytes
(epstopdf)             Command: <repstopdf --outfile=./Figures/BIM/BIM_probes-e
ps-converted-to.pdf ./Figures/BIM/BIM_probes.eps>
(epstopdf)             \includegraphics on input line 210.
Package epstopdf Info: Output file is already uptodate.

<./Figures/BIM/BIM_probes-eps-converted-to.pdf, id=125, 304.13625pt x 266.9975p
t>
File: ./Figures/BIM/BIM_probes-eps-converted-to.pdf Graphic file (type pdf)
 <use ./Figures/BIM/BIM_probes-eps-converted-to.pdf>
Package pdftex.def Info: ./Figures/BIM/BIM_probes-eps-converted-to.pdf used on 
input line 210.
(pdftex.def)             Requested size: 187.89914pt x 164.9582pt.


LaTeX Warning: No positions in optional float specifier.
               Default added (so using `tbp') on input line 229.

Package epstopdf Info: Source file: <./Figures/BIM_s/case10.eps>
(epstopdf)                    date: 2016-02-12 13:24:24
(epstopdf)                    size: 130623 bytes
(epstopdf)             Output file: <./Figures/BIM_s/case10-eps-converted-to.pd
f>
(epstopdf)                    date: 2016-02-12 13:24:52
(epstopdf)                    size: 14866 bytes
(epstopdf)             Command: <repstopdf --outfile=./Figures/BIM_s/case10-eps
-converted-to.pdf ./Figures/BIM_s/case10.eps>
(epstopdf)             \includegraphics on input line 231.
Package epstopdf Info: Output file is already uptodate.
<./Figures/BIM_s/case10-eps-converted-to.pdf, id=127, 471.7625pt x 72.27pt>
File: ./Figures/BIM_s/case10-eps-converted-to.pdf Graphic file (type pdf)

<use ./Figures/BIM_s/case10-eps-converted-to.pdf>
Package pdftex.def Info: ./Figures/BIM_s/case10-eps-converted-to.pdf used on in
put line 231.
(pdftex.def)             Requested size: 469.75502pt x 71.96323pt.
Package epstopdf Info: Source file: <./Figures/BIM_s/case20.eps>
(epstopdf)                    date: 2016-02-11 16:44:16
(epstopdf)                    size: 124568 bytes
(epstopdf)             Output file: <./Figures/BIM_s/case20-eps-converted-to.pd
f>
(epstopdf)                    date: 2016-02-11 16:46:22
(epstopdf)                    size: 17907 bytes
(epstopdf)             Command: <repstopdf --outfile=./Figures/BIM_s/case20-eps
-converted-to.pdf ./Figures/BIM_s/case20.eps>
(epstopdf)             \includegraphics on input line 232.
Package epstopdf Info: Output file is already uptodate.

<./Figures/BIM_s/case20-eps-converted-to.pdf, id=128, 471.7625pt x 72.27pt>
File: ./Figures/BIM_s/case20-eps-converted-to.pdf Graphic file (type pdf)

<use ./Figures/BIM_s/case20-eps-converted-to.pdf>
Package pdftex.def Info: ./Figures/BIM_s/case20-eps-converted-to.pdf used on in
put line 232.
(pdftex.def)             Requested size: 469.75502pt x 71.96323pt.
Package epstopdf Info: Source file: <./Figures/BIM_s/case30.eps>
(epstopdf)                    date: 2016-02-11 16:44:18
(epstopdf)                    size: 136932 bytes
(epstopdf)             Output file: <./Figures/BIM_s/case30-eps-converted-to.pd
f>
(epstopdf)                    date: 2016-02-11 16:46:24
(epstopdf)                    size: 17607 bytes
(epstopdf)             Command: <repstopdf --outfile=./Figures/BIM_s/case30-eps
-converted-to.pdf ./Figures/BIM_s/case30.eps>
(epstopdf)             \includegraphics on input line 233.
Package epstopdf Info: Output file is already uptodate.

<./Figures/BIM_s/case30-eps-converted-to.pdf, id=129, 471.7625pt x 72.27pt>
File: ./Figures/BIM_s/case30-eps-converted-to.pdf Graphic file (type pdf)

<use ./Figures/BIM_s/case30-eps-converted-to.pdf>
Package pdftex.def Info: ./Figures/BIM_s/case30-eps-converted-to.pdf used on in
put line 233.
(pdftex.def)             Requested size: 469.75502pt x 71.96323pt.
Package epstopdf Info: Source file: <./Figures/BIM_s/case40.eps>
(epstopdf)                    date: 2016-02-11 16:44:18
(epstopdf)                    size: 130235 bytes
(epstopdf)             Output file: <./Figures/BIM_s/case40-eps-converted-to.pd
f>
(epstopdf)                    date: 2016-02-11 16:46:24
(epstopdf)                    size: 18246 bytes
(epstopdf)             Command: <repstopdf --outfile=./Figures/BIM_s/case40-eps
-converted-to.pdf ./Figures/BIM_s/case40.eps>
(epstopdf)             \includegraphics on input line 234.
Package epstopdf Info: Output file is already uptodate.

<./Figures/BIM_s/case40-eps-converted-to.pdf, id=130, 471.7625pt x 72.27pt>
File: ./Figures/BIM_s/case40-eps-converted-to.pdf Graphic file (type pdf)

<use ./Figures/BIM_s/case40-eps-converted-to.pdf>
Package pdftex.def Info: ./Figures/BIM_s/case40-eps-converted-to.pdf used on in
put line 234.
(pdftex.def)             Requested size: 469.75502pt x 71.96323pt.
Package epstopdf Info: Source file: <./Figures/BIM_s/case50.eps>
(epstopdf)                    date: 2016-02-11 16:44:20
(epstopdf)                    size: 133647 bytes
(epstopdf)             Output file: <./Figures/BIM_s/case50-eps-converted-to.pd
f>
(epstopdf)                    date: 2016-02-11 16:46:24
(epstopdf)                    size: 18789 bytes
(epstopdf)             Command: <repstopdf --outfile=./Figures/BIM_s/case50-eps
-converted-to.pdf ./Figures/BIM_s/case50.eps>
(epstopdf)             \includegraphics on input line 235.
Package epstopdf Info: Output file is already uptodate.

<./Figures/BIM_s/case50-eps-converted-to.pdf, id=131, 478.78876pt x 102.3825pt>
File: ./Figures/BIM_s/case50-eps-converted-to.pdf Graphic file (type pdf)
<use ./Figures/BIM_s/case50-eps-converted-to.pdf>
Package pdftex.def Info: ./Figures/BIM_s/case50-eps-converted-to.pdf used on in
put line 235.
(pdftex.def)             Requested size: 476.80106pt x 101.95732pt.

Overfull \hbox (7.04604pt too wide) in paragraph at lines 231--237
 [] 
 []


LaTeX Warning: No positions in optional float specifier.
               Default added (so using `tbp') on input line 244.


Underfull \hbox (badness 10000) in paragraph at lines 267--267
[]\OT1/cmr/m/n/8 Should have
 []


Underfull \hbox (badness 1043) in paragraph at lines 267--267
\OT1/cmr/m/n/8 had the av-er-age
 []


LaTeX Warning: No positions in optional float specifier.
               Default added (so using `tbp') on input line 277.

Package epstopdf Info: Source file: <Figures/runup10.eps>
(epstopdf)                    date: 2014-10-27 15:24:20
(epstopdf)                    size: 9391 bytes
(epstopdf)             Output file: <Figures/runup10-eps-converted-to.pdf>
(epstopdf)                    date: 2015-01-14 15:17:20
(epstopdf)                    size: 6634 bytes
(epstopdf)             Command: <repstopdf --outfile=Figures/runup10-eps-conver
ted-to.pdf Figures/runup10.eps>
(epstopdf)             \includegraphics on input line 294.
Package epstopdf Info: Output file is already uptodate.
<Figures/runup10-eps-converted-to.pdf, id=142, 304.13625pt x 248.93pt>
File: Figures/runup10-eps-converted-to.pdf Graphic file (type pdf)

<use Figures/runup10-eps-converted-to.pdf>
Package pdftex.def Info: Figures/runup10-eps-converted-to.pdf used on input lin
e 294.
(pdftex.def)             Requested size: 178.5036pt x 146.10394pt.
Package epstopdf Info: Source file: <Figures/runup50.eps>
(epstopdf)                    date: 2014-10-27 15:23:48
(epstopdf)                    size: 9574 bytes
(epstopdf)             Output file: <Figures/runup50-eps-converted-to.pdf>
(epstopdf)                    date: 2015-01-06 12:47:28
(epstopdf)                    size: 6561 bytes
(epstopdf)             Command: <repstopdf --outfile=Figures/runup50-eps-conver
ted-to.pdf Figures/runup50.eps>
(epstopdf)             \includegraphics on input line 294.
Package epstopdf Info: Output file is already uptodate.

<Figures/runup50-eps-converted-to.pdf, id=143, 310.15875pt x 248.93pt>
File: Figures/runup50-eps-converted-to.pdf Graphic file (type pdf)

<use Figures/runup50-eps-converted-to.pdf>
Package pdftex.def Info: Figures/runup50-eps-converted-to.pdf used on input lin
e 294.
(pdftex.def)             Requested size: 178.5036pt x 143.26277pt.
 [5 <./Figures/BIM/BIM_probes-eps-converted-to.pdf>] [6 <./Figures/BIM_s/case10
-eps-converted-to.pdf> <./Figures/BIM_s/case20-eps-converted-to.pdf> <./Figures
/BIM_s/case30-eps-converted-to.pdf> <./Figures/BIM_s/case40-eps-converted-to.pd
f> <./Figures/BIM_s/case50-eps-converted-to.pdf>]
Package epstopdf Info: Source file: <./Figures/shoreline2015.eps>
(epstopdf)                    date: 2015-10-06 09:40:32
(epstopdf)                    size: 22134 bytes
(epstopdf)             Output file: <./Figures/shoreline2015-eps-converted-to.p
df>
(epstopdf)                    date: 2015-10-06 09:47:34
(epstopdf)                    size: 7752 bytes
(epstopdf)             Command: <repstopdf --outfile=./Figures/shoreline2015-ep
s-converted-to.pdf ./Figures/shoreline2015.eps>
(epstopdf)             \includegraphics on input line 304.
Package epstopdf Info: Output file is already uptodate.

<./Figures/shoreline2015-eps-converted-to.pdf, id=214, 306.14375pt x 266.9975pt
>
File: ./Figures/shoreline2015-eps-converted-to.pdf Graphic file (type pdf)
 <use ./Figures/shoreline2015-eps-converted-to.pdf>
Package pdftex.def Info: ./Figures/shoreline2015-eps-converted-to.pdf used on i
nput line 304.
(pdftex.def)             Requested size: 183.68765pt x 160.19972pt.
 [7 <./Figures/runup10-eps-converted-to.pdf> <./Figures/runup50-eps-converted-t
o.pdf>]
Package epstopdf Info: Source file: <./Figures/BIM/case10_FOV3_PIV_BIM.eps>
(epstopdf)                    date: 2016-03-01 17:46:16
(epstopdf)                    size: 62476 bytes
(epstopdf)             Output file: <./Figures/BIM/case10_FOV3_PIV_BIM-eps-conv
erted-to.pdf>
(epstopdf)                    date: 2016-03-01 17:46:16
(epstopdf)                    size: 19563 bytes
(epstopdf)             Command: <repstopdf --outfile=./Figures/BIM/case10_FOV3_
PIV_BIM-eps-converted-to.pdf ./Figures/BIM/case10_FOV3_PIV_BIM.eps>
(epstopdf)             \includegraphics on input line 324.
Package epstopdf Info: Output file is already uptodate.

<./Figures/BIM/case10_FOV3_PIV_BIM-eps-converted-to.pdf, id=237, 306.14375pt x 
266.9975pt>
File: ./Figures/BIM/case10_FOV3_PIV_BIM-eps-converted-to.pdf Graphic file (type
 pdf)
 <use ./Figures/BIM/case10_FOV3_PIV_BIM-eps-converted-to.pdf>
Package pdftex.def Info: ./Figures/BIM/case10_FOV3_PIV_BIM-eps-converted-to.pdf
 used on input line 324.
(pdftex.def)             Requested size: 216.09045pt x 188.45732pt.
Package epstopdf Info: Source file: <./Figures/BIM/case10_FOV4_BIM_PIV.eps>
(epstopdf)                    date: 2016-03-01 17:46:16
(epstopdf)                    size: 61841 bytes
(epstopdf)             Output file: <./Figures/BIM/case10_FOV4_BIM_PIV-eps-conv
erted-to.pdf>
(epstopdf)                    date: 2016-03-01 17:46:16
(epstopdf)                    size: 19046 bytes
(epstopdf)             Command: <repstopdf --outfile=./Figures/BIM/case10_FOV4_
BIM_PIV-eps-converted-to.pdf ./Figures/BIM/case10_FOV4_BIM_PIV.eps>
(epstopdf)             \includegraphics on input line 325.
Package epstopdf Info: Output file is already uptodate.

<./Figures/BIM/case10_FOV4_BIM_PIV-eps-converted-to.pdf, id=238, 306.14375pt x 
266.9975pt>
File: ./Figures/BIM/case10_FOV4_BIM_PIV-eps-converted-to.pdf Graphic file (type
 pdf)
 <use ./Figures/BIM/case10_FOV4_BIM_PIV-eps-converted-to.pdf>
Package pdftex.def Info: ./Figures/BIM/case10_FOV4_BIM_PIV-eps-converted-to.pdf
 used on input line 325.
(pdftex.def)             Requested size: 216.09045pt x 188.45732pt.

Underfull \hbox (badness 10000) in paragraph at lines 357--357
\OT1/cmr/m/n/10 can-not see
 []


Underfull \hbox (badness 10000) in paragraph at lines 357--357
\OT1/cmr/m/n/10 the evo-lu-tion
 []


Underfull \hbox (badness 10000) in paragraph at lines 357--357
\OT1/cmr/m/n/10 of bound-ary
 []


Underfull \hbox (badness 10000) in paragraph at lines 357--357
\OT1/cmr/m/n/10 layer thick-
 []


Underfull \hbox (badness 2326) in paragraph at lines 357--357
\OT1/cmr/m/n/10 nesses. The
 []


Underfull \hbox (badness 10000) in paragraph at lines 357--357
\OT1/cmr/m/n/10 com-par-sion
 []


Underfull \hbox (badness 10000) in paragraph at lines 357--357
\OT1/cmr/m/n/10 with Stokes
 []


Underfull \hbox (badness 10000) in paragraph at lines 357--357
\OT1/cmr/m/n/10 prob-lem is
 []


Underfull \hbox (badness 10000) in paragraph at lines 357--357
\OT1/cmr/m/n/10 only rel-e-vant
 []


Underfull \hbox (badness 10000) in paragraph at lines 357--357
\OT1/cmr/m/n/10 well be-fore
 []


LaTeX Warning: No positions in optional float specifier.
               Default added (so using `tbp') on input line 361.

Package epstopdf Info: Source file: <./Figures/BIM/profil10_feb.eps>
(epstopdf)                    date: 2016-03-01 17:46:16
(epstopdf)                    size: 57628 bytes
(epstopdf)             Output file: <./Figures/BIM/profil10_feb-eps-converted-t
o.pdf>
(epstopdf)                    date: 2016-03-01 17:46:16
(epstopdf)                    size: 17234 bytes
(epstopdf)             Command: <repstopdf --outfile=./Figures/BIM/profil10_feb
-eps-converted-to.pdf ./Figures/BIM/profil10_feb.eps>
(epstopdf)             \includegraphics on input line 379.
Package epstopdf Info: Output file is already uptodate.

<./Figures/BIM/profil10_feb-eps-converted-to.pdf, id=240, 306.14375pt x 266.997
5pt>
File: ./Figures/BIM/profil10_feb-eps-converted-to.pdf Graphic file (type pdf)
 <use ./Figures/BIM/profil10_feb-eps-converted-to.pdf>
Package pdftex.def Info: ./Figures/BIM/profil10_feb-eps-converted-to.pdf used o
n input line 379.
(pdftex.def)             Requested size: 133.8811pt x 116.76222pt.
Package epstopdf Info: Source file: <./Figures/BIM/profil12_feb.eps>
(epstopdf)                    date: 2016-03-01 17:46:16
(epstopdf)                    size: 39837 bytes
(epstopdf)             Output file: <./Figures/BIM/profil12_feb-eps-converted-t
o.pdf>
(epstopdf)                    date: 2016-03-01 17:46:16
(epstopdf)                    size: 13866 bytes
(epstopdf)             Command: <repstopdf --outfile=./Figures/BIM/profil12_feb
-eps-converted-to.pdf ./Figures/BIM/profil12_feb.eps>
(epstopdf)             \includegraphics on input line 379.
Package epstopdf Info: Output file is already uptodate.

<./Figures/BIM/profil12_feb-eps-converted-to.pdf, id=241, 306.14375pt x 266.997
5pt>
File: ./Figures/BIM/profil12_feb-eps-converted-to.pdf Graphic file (type pdf)
 <use ./Figures/BIM/profil12_feb-eps-converted-to.pdf>
Package pdftex.def Info: ./Figures/BIM/profil12_feb-eps-converted-to.pdf used o
n input line 379.
(pdftex.def)             Requested size: 133.8811pt x 116.76222pt.
Package epstopdf Info: Source file: <./Figures/BIM/profil20_feb.eps>
(epstopdf)                    date: 2016-03-01 17:46:16
(epstopdf)                    size: 47428 bytes
(epstopdf)             Output file: <./Figures/BIM/profil20_feb-eps-converted-t
o.pdf>
(epstopdf)                    date: 2016-03-01 17:46:16
(epstopdf)                    size: 15971 bytes
(epstopdf)             Command: <repstopdf --outfile=./Figures/BIM/profil20_feb
-eps-converted-to.pdf ./Figures/BIM/profil20_feb.eps>
(epstopdf)             \includegraphics on input line 379.
Package epstopdf Info: Output file is already uptodate.

<./Figures/BIM/profil20_feb-eps-converted-to.pdf, id=242, 306.14375pt x 266.997
5pt>
File: ./Figures/BIM/profil20_feb-eps-converted-to.pdf Graphic file (type pdf)
 <use ./Figures/BIM/profil20_feb-eps-converted-to.pdf>
Package pdftex.def Info: ./Figures/BIM/profil20_feb-eps-converted-to.pdf used o
n input line 379.
(pdftex.def)             Requested size: 133.8811pt x 116.76222pt.
Package epstopdf Info: Source file: <./Figures/FOV_4/case30_sept2015.eps>
(epstopdf)                    date: 2016-03-01 17:47:06
(epstopdf)                    size: 54845 bytes
(epstopdf)             Output file: <./Figures/FOV_4/case30_sept2015-eps-conver
ted-to.pdf>
(epstopdf)                    date: 2016-03-01 17:47:06
(epstopdf)                    size: 18022 bytes
(epstopdf)             Command: <repstopdf --outfile=./Figures/FOV_4/case30_sep
t2015-eps-converted-to.pdf ./Figures/FOV_4/case30_sept2015.eps>
(epstopdf)             \includegraphics on input line 396.
Package epstopdf Info: Output file is already uptodate.

<./Figures/FOV_4/case30_sept2015-eps-converted-to.pdf, id=243, 306.14375pt x 26
6.9975pt>
File: ./Figures/FOV_4/case30_sept2015-eps-converted-to.pdf Graphic file (type p
df)
 <use ./Figures/FOV_4/case30_sept2015-eps-converted-to.pdf>
Package pdftex.def Info: ./Figures/FOV_4/case30_sept2015-eps-converted-to.pdf u
sed on input line 396.
(pdftex.def)             Requested size: 133.8811pt x 116.76222pt.
Package epstopdf Info: Source file: <./Figures/FOV_4/case40_sept2015.eps>
(epstopdf)                    date: 2016-03-01 17:47:06
(epstopdf)                    size: 59232 bytes
(epstopdf)             Output file: <./Figures/FOV_4/case40_sept2015-eps-conver
ted-to.pdf>
(epstopdf)                    date: 2016-03-01 17:47:06
(epstopdf)                    size: 19398 bytes
(epstopdf)             Command: <repstopdf --outfile=./Figures/FOV_4/case40_sep
t2015-eps-converted-to.pdf ./Figures/FOV_4/case40_sept2015.eps>
(epstopdf)             \includegraphics on input line 396.
Package epstopdf Info: Output file is already uptodate.

<./Figures/FOV_4/case40_sept2015-eps-converted-to.pdf, id=244, 306.14375pt x 26
6.9975pt>
File: ./Figures/FOV_4/case40_sept2015-eps-converted-to.pdf Graphic file (type p
df)
 <use ./Figures/FOV_4/case40_sept2015-eps-converted-to.pdf>
Package pdftex.def Info: ./Figures/FOV_4/case40_sept2015-eps-converted-to.pdf u
sed on input line 396.
(pdftex.def)             Requested size: 133.8811pt x 116.76222pt.
Package epstopdf Info: Source file: <./Figures/FOV_4/case50_sept2015.eps>
(epstopdf)                    date: 2016-03-01 17:47:06
(epstopdf)                    size: 61150 bytes
(epstopdf)             Output file: <./Figures/FOV_4/case50_sept2015-eps-conver
ted-to.pdf>
(epstopdf)                    date: 2016-03-01 17:47:06
(epstopdf)                    size: 19792 bytes
(epstopdf)             Command: <repstopdf --outfile=./Figures/FOV_4/case50_sep
t2015-eps-converted-to.pdf ./Figures/FOV_4/case50_sept2015.eps>
(epstopdf)             \includegraphics on input line 396.
Package epstopdf Info: Output file is already uptodate.

<./Figures/FOV_4/case50_sept2015-eps-converted-to.pdf, id=245, 306.14375pt x 26
6.9975pt>
File: ./Figures/FOV_4/case50_sept2015-eps-converted-to.pdf Graphic file (type p
df)
 <use ./Figures/FOV_4/case50_sept2015-eps-converted-to.pdf>
Package pdftex.def Info: ./Figures/FOV_4/case50_sept2015-eps-converted-to.pdf u
sed on input line 396.
(pdftex.def)             Requested size: 133.8811pt x 116.76222pt.


LaTeX Warning: No positions in optional float specifier.
               Default added (so using `tbp') on input line 401.

Package epstopdf Info: Source file: <./Figures/FOV_5/PIV_FOV5_case20.eps>
(epstopdf)                    date: 2016-03-01 17:47:13
(epstopdf)                    size: 25745 bytes
(epstopdf)             Output file: <./Figures/FOV_5/PIV_FOV5_case20-eps-conver
ted-to.pdf>
(epstopdf)                    date: 2016-03-01 17:47:13
(epstopdf)                    size: 10119 bytes
(epstopdf)             Command: <repstopdf --outfile=./Figures/FOV_5/PIV_FOV5_c
ase20-eps-converted-to.pdf ./Figures/FOV_5/PIV_FOV5_case20.eps>
(epstopdf)             \includegraphics on input line 414.
Package epstopdf Info: Output file is already uptodate.

<./Figures/FOV_5/PIV_FOV5_case20-eps-converted-to.pdf, id=247, 302.12875pt x 24
2.9075pt>
File: ./Figures/FOV_5/PIV_FOV5_case20-eps-converted-to.pdf Graphic file (type p
df)
 <use ./Figures/FOV_5/PIV_FOV5_case20-eps-converted-to.pdf>
Package pdftex.def Info: ./Figures/FOV_5/PIV_FOV5_case20-eps-converted-to.pdf u
sed on input line 414.
(pdftex.def)             Requested size: 133.8811pt x 107.63945pt.
Package epstopdf Info: Source file: <./Figures/FOV_5/PIV_FOV5_case30.eps>
(epstopdf)                    date: 2016-03-01 17:47:13
(epstopdf)                    size: 31589 bytes
(epstopdf)             Output file: <./Figures/FOV_5/PIV_FOV5_case30-eps-conver
ted-to.pdf>
(epstopdf)                    date: 2016-03-01 17:47:13
(epstopdf)                    size: 11902 bytes
(epstopdf)             Command: <repstopdf --outfile=./Figures/FOV_5/PIV_FOV5_c
ase30-eps-converted-to.pdf ./Figures/FOV_5/PIV_FOV5_case30.eps>
(epstopdf)             \includegraphics on input line 414.
Package epstopdf Info: Output file is already uptodate.

<./Figures/FOV_5/PIV_FOV5_case30-eps-converted-to.pdf, id=248, 305.14pt x 242.9
075pt>
File: ./Figures/FOV_5/PIV_FOV5_case30-eps-converted-to.pdf Graphic file (type p
df)
 <use ./Figures/FOV_5/PIV_FOV5_case30-eps-converted-to.pdf>
Package pdftex.def Info: ./Figures/FOV_5/PIV_FOV5_case30-eps-converted-to.pdf u
sed on input line 414.
(pdftex.def)             Requested size: 133.8811pt x 106.57939pt.
Package epstopdf Info: Source file: <./Figures/FOV_5/PIV_FOV5_case40.eps>
(epstopdf)                    date: 2016-03-01 17:47:13
(epstopdf)                    size: 33733 bytes
(epstopdf)             Output file: <./Figures/FOV_5/PIV_FOV5_case40-eps-conver
ted-to.pdf>
(epstopdf)                    date: 2016-03-01 17:47:13
(epstopdf)                    size: 12741 bytes
(epstopdf)             Command: <repstopdf --outfile=./Figures/FOV_5/PIV_FOV5_c
ase40-eps-converted-to.pdf ./Figures/FOV_5/PIV_FOV5_case40.eps>
(epstopdf)             \includegraphics on input line 426.
Package epstopdf Info: Output file is already uptodate.

<./Figures/FOV_5/PIV_FOV5_case40-eps-converted-to.pdf, id=249, 305.14pt x 242.9
075pt>
File: ./Figures/FOV_5/PIV_FOV5_case40-eps-converted-to.pdf Graphic file (type p
df)
 <use ./Figures/FOV_5/PIV_FOV5_case40-eps-converted-to.pdf>
Package pdftex.def Info: ./Figures/FOV_5/PIV_FOV5_case40-eps-converted-to.pdf u
sed on input line 426.
(pdftex.def)             Requested size: 133.8811pt x 106.57939pt.
Package epstopdf Info: Source file: <./Figures/FOV_5/PIV_FOV5_case50.eps>
(epstopdf)                    date: 2016-03-01 17:47:13
(epstopdf)                    size: 37369 bytes
(epstopdf)             Output file: <./Figures/FOV_5/PIV_FOV5_case50-eps-conver
ted-to.pdf>
(epstopdf)                    date: 2016-03-01 17:47:13
(epstopdf)                    size: 13400 bytes
(epstopdf)             Command: <repstopdf --outfile=./Figures/FOV_5/PIV_FOV5_c
ase50-eps-converted-to.pdf ./Figures/FOV_5/PIV_FOV5_case50.eps>
(epstopdf)             \includegraphics on input line 426.
Package epstopdf Info: Output file is already uptodate.

<./Figures/FOV_5/PIV_FOV5_case50-eps-converted-to.pdf, id=250, 305.14pt x 242.9
075pt>
File: ./Figures/FOV_5/PIV_FOV5_case50-eps-converted-to.pdf Graphic file (type p
df)
 <use ./Figures/FOV_5/PIV_FOV5_case50-eps-converted-to.pdf>
Package pdftex.def Info: ./Figures/FOV_5/PIV_FOV5_case50-eps-converted-to.pdf u
sed on input line 426.
(pdftex.def)             Requested size: 133.8811pt x 106.57939pt.
 [8 <./Figures/shoreline2015-eps-converted-to.pdf>] [9 <./Figures/BIM/case10_FO
V3_PIV_BIM-eps-converted-to.pdf> <./Figures/BIM/case10_FOV4_BIM_PIV-eps-convert
ed-to.pdf> <./Figures/BIM/profil10_feb-eps-converted-to.pdf> <./Figures/BIM/pro
fil12_feb-eps-converted-to.pdf> <./Figures/BIM/profil20_feb-eps-converted-to.pd
f> <./Figures/FOV_4/case30_sept2015-eps-converted-to.pdf> <./Figures/FOV_4/case
40_sept2015-eps-converted-to.pdf> <./Figures/FOV_4/case50_sept2015-eps-converte
d-to.pdf>]

LaTeX Warning: No positions in optional float specifier.
               Default added (so using `tbp') on input line 435.

Package epstopdf Info: Source file: <./Figures/FOV_6/PIV_FOV6_case30.eps>
(epstopdf)                    date: 2016-03-01 17:47:21
(epstopdf)                    size: 29780 bytes
(epstopdf)             Output file: <./Figures/FOV_6/PIV_FOV6_case30-eps-conver
ted-to.pdf>
(epstopdf)                    date: 2016-03-01 17:47:21
(epstopdf)                    size: 11469 bytes
(epstopdf)             Command: <repstopdf --outfile=./Figures/FOV_6/PIV_FOV6_c
ase30-eps-converted-to.pdf ./Figures/FOV_6/PIV_FOV6_case30.eps>
(epstopdf)             \includegraphics on input line 453.
Package epstopdf Info: Output file is already uptodate.

<./Figures/FOV_6/PIV_FOV6_case30-eps-converted-to.pdf, id=336, 305.14pt x 242.9
075pt>
File: ./Figures/FOV_6/PIV_FOV6_case30-eps-converted-to.pdf Graphic file (type p
df)
 <use ./Figures/FOV_6/PIV_FOV6_case30-eps-converted-to.pdf>
Package pdftex.def Info: ./Figures/FOV_6/PIV_FOV6_case30-eps-converted-to.pdf u
sed on input line 453.
(pdftex.def)             Requested size: 133.8811pt x 106.57939pt.
Package epstopdf Info: Source file: <./Figures/FOV_6/PIV_FOV6_case40.eps>
(epstopdf)                    date: 2016-03-01 17:47:21
(epstopdf)                    size: 32077 bytes
(epstopdf)             Output file: <./Figures/FOV_6/PIV_FOV6_case40-eps-conver
ted-to.pdf>
(epstopdf)                    date: 2016-03-01 17:47:21
(epstopdf)                    size: 12135 bytes
(epstopdf)             Command: <repstopdf --outfile=./Figures/FOV_6/PIV_FOV6_c
ase40-eps-converted-to.pdf ./Figures/FOV_6/PIV_FOV6_case40.eps>
(epstopdf)             \includegraphics on input line 453.
Package epstopdf Info: Output file is already uptodate.

<./Figures/FOV_6/PIV_FOV6_case40-eps-converted-to.pdf, id=337, 305.14pt x 242.9
075pt>
File: ./Figures/FOV_6/PIV_FOV6_case40-eps-converted-to.pdf Graphic file (type p
df)
 <use ./Figures/FOV_6/PIV_FOV6_case40-eps-converted-to.pdf>
Package pdftex.def Info: ./Figures/FOV_6/PIV_FOV6_case40-eps-converted-to.pdf u
sed on input line 453.
(pdftex.def)             Requested size: 133.8811pt x 106.57939pt.
Package epstopdf Info: Source file: <./Figures/FOV_6/PIV_FOV6_case50.eps>
(epstopdf)                    date: 2016-03-01 17:47:21
(epstopdf)                    size: 34055 bytes
(epstopdf)             Output file: <./Figures/FOV_6/PIV_FOV6_case50-eps-conver
ted-to.pdf>
(epstopdf)                    date: 2016-03-01 17:47:21
(epstopdf)                    size: 12484 bytes
(epstopdf)             Command: <repstopdf --outfile=./Figures/FOV_6/PIV_FOV6_c
ase50-eps-converted-to.pdf ./Figures/FOV_6/PIV_FOV6_case50.eps>
(epstopdf)             \includegraphics on input line 453.
Package epstopdf Info: Output file is already uptodate.

<./Figures/FOV_6/PIV_FOV6_case50-eps-converted-to.pdf, id=338, 305.14pt x 242.9
075pt>
File: ./Figures/FOV_6/PIV_FOV6_case50-eps-converted-to.pdf Graphic file (type p
df)
 <use ./Figures/FOV_6/PIV_FOV6_case50-eps-converted-to.pdf>
Package pdftex.def Info: ./Figures/FOV_6/PIV_FOV6_case50-eps-converted-to.pdf u
sed on input line 453.
(pdftex.def)             Requested size: 133.8811pt x 106.57939pt.


LaTeX Warning: No positions in optional float specifier.
               Default added (so using `tbp') on input line 458.

Package epstopdf Info: Source file: <./Figures/tid_case50_run2.eps>
(epstopdf)                    date: 2014-10-02 16:37:46
(epstopdf)                    size: 57955 bytes
(epstopdf)             Output file: <./Figures/tid_case50_run2-eps-converted-to
.pdf>
(epstopdf)                    date: 2015-01-14 15:11:36
(epstopdf)                    size: 101430 bytes
(epstopdf)             Command: <repstopdf --outfile=./Figures/tid_case50_run2-
eps-converted-to.pdf ./Figures/tid_case50_run2.eps>
(epstopdf)             \includegraphics on input line 462.
Package epstopdf Info: Output file is already uptodate.

<./Figures/tid_case50_run2-eps-converted-to.pdf, id=339, 310.15875pt x 240.9pt>
File: ./Figures/tid_case50_run2-eps-converted-to.pdf Graphic file (type pdf)
<use ./Figures/tid_case50_run2-eps-converted-to.pdf>
Package pdftex.def Info: ./Figures/tid_case50_run2-eps-converted-to.pdf used on
 input line 462.
(pdftex.def)             Requested size: 186.09668pt x 144.5411pt.
 [10 <./Figures/FOV_5/PIV_FOV5_case20-eps-converted-to.pdf> <./Figures/FOV_5/PI
V_FOV5_case30-eps-converted-to.pdf> <./Figures/FOV_5/PIV_FOV5_case40-eps-conver
ted-to.pdf> <./Figures/FOV_5/PIV_FOV5_case50-eps-converted-to.pdf> <./Figures/F
OV_6/PIV_FOV6_case30-eps-converted-to.pdf> <./Figures/FOV_6/PIV_FOV6_case40-eps
-converted-to.pdf> <./Figures/FOV_6/PIV_FOV6_case50-eps-converted-to.pdf>]

LaTeX Warning: No positions in optional float specifier.
               Default added (so using `tbp') on input line 485.

Package epstopdf Info: Source file: <./Figures/BUBBLE/bubble_30_run1.eps>
(epstopdf)                    date: 2015-10-06 12:02:56
(epstopdf)                    size: 138638 bytes
(epstopdf)             Output file: <./Figures/BUBBLE/bubble_30_run1-eps-conver
ted-to.pdf>
(epstopdf)                    date: 2015-10-06 12:03:44
(epstopdf)                    size: 261368 bytes
(epstopdf)             Command: <repstopdf --outfile=./Figures/BUBBLE/bubble_30
_run1-eps-converted-to.pdf ./Figures/BUBBLE/bubble_30_run1.eps>
(epstopdf)             \includegraphics on input line 487.
Package epstopdf Info: Output file is already uptodate.

<./Figures/BUBBLE/bubble_30_run1-eps-converted-to.pdf, id=414, 466.74374pt x 11
8.4425pt>
File: ./Figures/BUBBLE/bubble_30_run1-eps-converted-to.pdf Graphic file (type p
df)
 <use ./Figures/BUBBLE/bubble_30_run1-eps-converted-to.pdf>
Package pdftex.def Info: ./Figures/BUBBLE/bubble_30_run1-eps-converted-to.pdf u
sed on input line 487.
(pdftex.def)             Requested size: 328.82707pt x 83.44774pt.
Package epstopdf Info: Source file: <./Figures/BUBBLE/bubble_30_run2.eps>
(epstopdf)                    date: 2016-01-06 13:29:40
(epstopdf)                    size: 137901 bytes
(epstopdf)             Output file: <./Figures/BUBBLE/bubble_30_run2-eps-conver
ted-to.pdf>
(epstopdf)                    date: 2016-01-06 13:31:58
(epstopdf)                    size: 256390 bytes
(epstopdf)             Command: <repstopdf --outfile=./Figures/BUBBLE/bubble_30
_run2-eps-converted-to.pdf ./Figures/BUBBLE/bubble_30_run2.eps>
(epstopdf)             \includegraphics on input line 488.
Package epstopdf Info: Output file is already uptodate.

<./Figures/BUBBLE/bubble_30_run2-eps-converted-to.pdf, id=415, 466.74374pt x 11
8.4425pt>
File: ./Figures/BUBBLE/bubble_30_run2-eps-converted-to.pdf Graphic file (type p
df)
 <use ./Figures/BUBBLE/bubble_30_run2-eps-converted-to.pdf>
Package pdftex.def Info: ./Figures/BUBBLE/bubble_30_run2-eps-converted-to.pdf u
sed on input line 488.
(pdftex.def)             Requested size: 328.82707pt x 83.44774pt.
Package epstopdf Info: Source file: <./Figures/BUBBLE/bubble_30_run3.eps>
(epstopdf)                    date: 2016-01-06 13:29:40
(epstopdf)                    size: 141566 bytes
(epstopdf)             Output file: <./Figures/BUBBLE/bubble_30_run3-eps-conver
ted-to.pdf>
(epstopdf)                    date: 2016-01-06 13:32:00
(epstopdf)                    size: 260267 bytes
(epstopdf)             Command: <repstopdf --outfile=./Figures/BUBBLE/bubble_30
_run3-eps-converted-to.pdf ./Figures/BUBBLE/bubble_30_run3.eps>
(epstopdf)             \includegraphics on input line 489.
Package epstopdf Info: Output file is already uptodate.

<./Figures/BUBBLE/bubble_30_run3-eps-converted-to.pdf, id=416, 466.74374pt x 11
8.4425pt>
File: ./Figures/BUBBLE/bubble_30_run3-eps-converted-to.pdf Graphic file (type p
df)
 <use ./Figures/BUBBLE/bubble_30_run3-eps-converted-to.pdf>
Package pdftex.def Info: ./Figures/BUBBLE/bubble_30_run3-eps-converted-to.pdf u
sed on input line 489.
(pdftex.def)             Requested size: 328.82707pt x 83.44774pt.


LaTeX Warning: No positions in optional float specifier.
               Default added (so using `tbp') on input line 495.

Package epstopdf Info: Source file: <./Figures/BUBBLE/bubble_50_run1.eps>
(epstopdf)                    date: 2016-01-20 09:44:24
(epstopdf)                    size: 82653 bytes
(epstopdf)             Output file: <./Figures/BUBBLE/bubble_50_run1-eps-conver
ted-to.pdf>
(epstopdf)                    date: 2016-01-20 09:44:56
(epstopdf)                    size: 295817 bytes
(epstopdf)             Command: <repstopdf --outfile=./Figures/BUBBLE/bubble_50
_run1-eps-converted-to.pdf ./Figures/BUBBLE/bubble_50_run1.eps>
(epstopdf)             \includegraphics on input line 497.
Package epstopdf Info: Output file is already uptodate.

<./Figures/BUBBLE/bubble_50_run1-eps-converted-to.pdf, id=417, 354.32375pt x 13
6.51pt>
File: ./Figures/BUBBLE/bubble_50_run1-eps-converted-to.pdf Graphic file (type p
df)
 <use ./Figures/BUBBLE/bubble_50_run1-eps-converted-to.pdf>
Package pdftex.def Info: ./Figures/BUBBLE/bubble_50_run1-eps-converted-to.pdf u
sed on input line 497.
(pdftex.def)             Requested size: 281.85587pt x 108.59158pt.
Package epstopdf Info: Source file: <./Figures/BUBBLE/bubble_50_run2.eps>
(epstopdf)                    date: 2016-01-20 09:44:22
(epstopdf)                    size: 84893 bytes
(epstopdf)             Output file: <./Figures/BUBBLE/bubble_50_run2-eps-conver
ted-to.pdf>
(epstopdf)                    date: 2016-01-20 09:44:56
(epstopdf)                    size: 318165 bytes
(epstopdf)             Command: <repstopdf --outfile=./Figures/BUBBLE/bubble_50
_run2-eps-converted-to.pdf ./Figures/BUBBLE/bubble_50_run2.eps>
(epstopdf)             \includegraphics on input line 498.
Package epstopdf Info: Output file is already uptodate.

<./Figures/BUBBLE/bubble_50_run2-eps-converted-to.pdf, id=418, 354.32375pt x 13
6.51pt>
File: ./Figures/BUBBLE/bubble_50_run2-eps-converted-to.pdf Graphic file (type p
df)
 <use ./Figures/BUBBLE/bubble_50_run2-eps-converted-to.pdf>
Package pdftex.def Info: ./Figures/BUBBLE/bubble_50_run2-eps-converted-to.pdf u
sed on input line 498.
(pdftex.def)             Requested size: 281.85587pt x 108.59158pt.
Package epstopdf Info: Source file: <./Figures/BUBBLE/bubble_50_run3.eps>
(epstopdf)                    date: 2016-01-20 09:44:20
(epstopdf)                    size: 84618 bytes
(epstopdf)             Output file: <./Figures/BUBBLE/bubble_50_run3-eps-conver
ted-to.pdf>
(epstopdf)                    date: 2016-01-20 09:44:58
(epstopdf)                    size: 302743 bytes
(epstopdf)             Command: <repstopdf --outfile=./Figures/BUBBLE/bubble_50
_run3-eps-converted-to.pdf ./Figures/BUBBLE/bubble_50_run3.eps>
(epstopdf)             \includegraphics on input line 499.
Package epstopdf Info: Output file is already uptodate.

<./Figures/BUBBLE/bubble_50_run3-eps-converted-to.pdf, id=419, 354.32375pt x 13
6.51pt>
File: ./Figures/BUBBLE/bubble_50_run3-eps-converted-to.pdf Graphic file (type p
df)
 <use ./Figures/BUBBLE/bubble_50_run3-eps-converted-to.pdf>
Package pdftex.def Info: ./Figures/BUBBLE/bubble_50_run3-eps-converted-to.pdf u
sed on input line 499.
(pdftex.def)             Requested size: 281.85587pt x 108.59158pt.


LaTeX Warning: No positions in optional float specifier.
               Default added (so using `tbp') on input line 506.


LaTeX Warning: No positions in optional float specifier.
               Default added (so using `tbp') on input line 531.


Package natbib Warning: Citation `pedersen2013runp' on page 11 undefined on inp
ut line 580.

[11 <./Figures/tid_case50_run2-eps-converted-to.pdf>] [12 <./Figures/BUBBLE/bub
ble_30_run1-eps-converted-to.pdf> <./Figures/BUBBLE/bubble_30_run2-eps-converte
d-to.pdf> <./Figures/BUBBLE/bubble_30_run3-eps-converted-to.pdf> <./Figures/BUB
BLE/bubble_50_run1-eps-converted-to.pdf> <./Figures/BUBBLE/bubble_50_run2-eps-c
onverted-to.pdf> <./Figures/BUBBLE/bubble_50_run3-eps-converted-to.pdf>]
(./plunging_breakers.bbl [13])

Package natbib Warning: There were undefined citations.

Package atveryend Info: Empty hook `BeforeClearDocument' on input line 596.
[14]
Package atveryend Info: Empty hook `AfterLastShipout' on input line 596.
 (./plunging_breakers.aux)
Package atveryend Info: Executing hook `AtVeryEndDocument' on input line 596.
Package atveryend Info: Executing hook `AtEndAfterFileList' on input line 596.
Package rerunfilecheck Info: File `plunging_breakers.out' has not changed.
(rerunfilecheck)             Checksum: 82024958E59FC2B6BFBD3040A660E001;768.
Package atveryend Info: Empty hook `AtVeryVeryEnd' on input line 596.
 ) 
Here is how much of TeX's memory you used:
 17069 strings out of 493304
 284657 string characters out of 6139871
 377816 words of memory out of 5000000
 20132 multiletter control sequences out of 15000+600000
 13246 words of font info for 51 fonts, out of 8000000 for 9000
 957 hyphenation exceptions out of 8191
 39i,10n,42p,10380b,586s stack positions out of 5000i,500n,10000p,200000b,80000s
</usr/share/texlive/texmf-dist/fonts/type1/public/amsfonts/cm/cmbx10.pfb></us
r/share/texlive/texmf-dist/fonts/type1/public/amsfonts/cm/cmmi10.pfb></usr/shar
e/texlive/texmf-dist/fonts/type1/public/amsfonts/cm/cmmi6.pfb></usr/share/texli
ve/texmf-dist/fonts/type1/public/amsfonts/cm/cmmi7.pfb></usr/share/texlive/texm
f-dist/fonts/type1/public/amsfonts/cm/cmmi8.pfb></usr/share/texlive/texmf-dist/
fonts/type1/public/amsfonts/cm/cmmi9.pfb></usr/share/texlive/texmf-dist/fonts/t
ype1/public/amsfonts/cm/cmr10.pfb></usr/share/texlive/texmf-dist/fonts/type1/pu
blic/amsfonts/cm/cmr12.pfb></usr/share/texlive/texmf-dist/fonts/type1/public/am
sfonts/cm/cmr8.pfb></usr/share/texlive/texmf-dist/fonts/type1/public/amsfonts/c
m/cmr9.pfb></usr/share/texlive/texmf-dist/fonts/type1/public/amsfonts/cm/cmss8.
pfb></usr/share/texlive/texmf-dist/fonts/type1/public/amsfonts/cm/cmsy10.pfb></
usr/share/texlive/texmf-dist/fonts/type1/public/amsfonts/cm/cmsy7.pfb></usr/sha
re/texlive/texmf-dist/fonts/type1/public/amsfonts/cm/cmsy8.pfb></usr/share/texl
ive/texmf-dist/fonts/type1/public/amsfonts/cm/cmti10.pfb></usr/share/texlive/te
xmf-dist/fonts/type1/public/amsfonts/cm/cmti7.pfb></usr/share/texlive/texmf-dis
t/fonts/type1/public/amsfonts/cm/cmti8.pfb></usr/share/texlive/texmf-dist/fonts
/type1/public/amsfonts/cm/cmtt10.pfb></usr/share/texlive/texmf-dist/fonts/type1
/public/amsfonts/symbols/msam10.pfb>
Output written on plunging_breakers.pdf (14 pages, 2507187 bytes).
PDF statistics:
 568 PDF objects out of 1000 (max. 8388607)
 436 compressed objects within 5 object streams
 74 named destinations out of 1000 (max. 500000)
 254 words of extra memory for PDF output out of 10000 (max. 10000000)

