This is pdfTeX, Version 3.14159265-2.6-1.40.16 (TeX Live 2015) (preloaded format=pdflatex 2016.2.10)  15 AUG 2016 08:50
entering extended mode
 restricted \write18 enabled.
 %&-line parsing enabled.
**rev2.tex
(./rev2.tex
LaTeX2e <2015/01/01>
Babel <3.9l> and hyphenation patterns for 79 languages loaded.

! LaTeX Error: Missing \begin{document}.

See the LaTeX manual or LaTeX Companion for explanation.
Type  H <return>  for immediate help.
 ...                                              
                                                  
l.4 W
     e are grateful to reviewer for his positive attitude valuable suggestions.

You're in trouble here.  Try typing  <return>  to proceed.
If that doesn't work, type  X <return>  to quit.

Missing character: There is no W in font nullfont!
Missing character: There is no e in font nullfont!
Missing character: There is no a in font nullfont!
Missing character: There is no r in font nullfont!
Missing character: There is no e in font nullfont!
Missing character: There is no g in font nullfont!
Missing character: There is no r in font nullfont!
Missing character: There is no a in font nullfont!
Missing character: There is no t in font nullfont!
Missing character: There is no e in font nullfont!
Missing character: There is no f in font nullfont!
Missing character: There is no u in font nullfont!
Missing character: There is no l in font nullfont!
Missing character: There is no t in font nullfont!
Missing character: There is no o in font nullfont!
Missing character: There is no r in font nullfont!
Missing character: There is no e in font nullfont!
Missing character: There is no v in font nullfont!
Missing character: There is no i in font nullfont!
Missing character: There is no e in font nullfont!
Missing character: There is no w in font nullfont!
Missing character: There is no e in font nullfont!
Missing character: There is no r in font nullfont!
Missing character: There is no f in font nullfont!
Missing character: There is no o in font nullfont!
Missing character: There is no r in font nullfont!
Missing character: There is no h in font nullfont!
Missing character: There is no i in font nullfont!
Missing character: There is no s in font nullfont!
Missing character: There is no p in font nullfont!
Missing character: There is no o in font nullfont!
Missing character: There is no s in font nullfont!
Missing character: There is no i in font nullfont!
Missing character: There is no t in font nullfont!
Missing character: There is no i in font nullfont!
Missing character: There is no v in font nullfont!
Missing character: There is no e in font nullfont!
Missing character: There is no a in font nullfont!
Missing character: There is no t in font nullfont!
Missing character: There is no t in font nullfont!
Missing character: There is no i in font nullfont!
Missing character: There is no t in font nullfont!
Missing character: There is no u in font nullfont!
Missing character: There is no d in font nullfont!
Missing character: There is no e in font nullfont!
Missing character: There is no v in font nullfont!
Missing character: There is no a in font nullfont!
Missing character: There is no l in font nullfont!
Missing character: There is no u in font nullfont!
Missing character: There is no a in font nullfont!
Missing character: There is no b in font nullfont!
Missing character: There is no l in font nullfont!
Missing character: There is no e in font nullfont!
Missing character: There is no s in font nullfont!
Missing character: There is no u in font nullfont!
Missing character: There is no g in font nullfont!
Missing character: There is no g in font nullfont!
Missing character: There is no e in font nullfont!
Missing character: There is no s in font nullfont!
Missing character: There is no t in font nullfont!
Missing character: There is no i in font nullfont!
Missing character: There is no o in font nullfont!
Missing character: There is no n in font nullfont!
Missing character: There is no s in font nullfont!
Missing character: There is no . in font nullfont!

Overfull \hbox (20.0pt too wide) in paragraph at lines 4--5
[]
 []


! LaTeX Error: Missing \begin{document}.

See the LaTeX manual or LaTeX Companion for explanation.
Type  H <return>  for immediate help.
 ...                                              
                                                  
l.6 R
     eviewer \#2
You're in trouble here.  Try typing  <return>  to proceed.
If that doesn't work, type  X <return>  to quit.

Missing character: There is no R in font nullfont!
Missing character: There is no e in font nullfont!
Missing character: There is no v in font nullfont!
Missing character: There is no i in font nullfont!
Missing character: There is no e in font nullfont!
Missing character: There is no w in font nullfont!
Missing character: There is no e in font nullfont!
Missing character: There is no r in font nullfont!
Missing character: There is no # in font nullfont!
Missing character: There is no 2 in font nullfont!

Overfull \hbox (20.0pt too wide) in paragraph at lines 6--7
[]
 []


! LaTeX Error: Missing \begin{document}.

See the LaTeX manual or LaTeX Companion for explanation.
Type  H <return>  for immediate help.
 ...                                              
                                                  
l.9 ...rs consider finding a more suitable title?}
                                                  
You're in trouble here.  Try typing  <return>  to proceed.
If that doesn't work, type  X <return>  to quit.

Missing character: There is no A in font nullfont!
Missing character: There is no g in font nullfont!
Missing character: There is no r in font nullfont!
Missing character: There is no e in font nullfont!
Missing character: There is no e in font nullfont!
Missing character: There is no d in font nullfont!
Missing character: There is no . in font nullfont!
Missing character: There is no T in font nullfont!
Missing character: There is no h in font nullfont!
Missing character: There is no e in font nullfont!
Missing character: There is no n in font nullfont!
Missing character: There is no e in font nullfont!
Missing character: There is no w in font nullfont!
Missing character: There is no t in font nullfont!
Missing character: There is no i in font nullfont!
Missing character: There is no t in font nullfont!
Missing character: There is no l in font nullfont!
Missing character: There is no e in font nullfont!
Missing character: There is no i in font nullfont!
Missing character: There is no s in font nullfont!
Missing character: There is no ` in font nullfont!
Missing character: There is no ` in font nullfont!
Missing character: There is no I in font nullfont!
Missing character: There is no n in font nullfont!
Missing character: There is no v in font nullfont!
Missing character: There is no e in font nullfont!
Missing character: There is no s in font nullfont!
Missing character: There is no t in font nullfont!
Missing character: There is no i in font nullfont!
Missing character: There is no g in font nullfont!
Missing character: There is no a in font nullfont!
Missing character: There is no t in font nullfont!
Missing character: There is no i in font nullfont!
Missing character: There is no o in font nullfont!
Missing character: There is no n in font nullfont!
Missing character: There is no o in font nullfont!
Missing character: There is no f in font nullfont!
Missing character: There is no b in font nullfont!
Missing character: There is no r in font nullfont!
Missing character: There is no e in font nullfont!
Missing character: There is no a in font nullfont!
Missing character: There is no k in font nullfont!
Missing character: There is no i in font nullfont!
Missing character: There is no n in font nullfont!
Missing character: There is no g in font nullfont!
Missing character: There is no a in font nullfont!
Missing character: There is no n in font nullfont!
Missing character: There is no d in font nullfont!
Missing character: There is no n in font nullfont!
Missing character: There is no o in font nullfont!
Missing character: There is no n in font nullfont!
Missing character: There is no - in font nullfont!
Missing character: There is no b in font nullfont!
Missing character: There is no r in font nullfont!
Missing character: There is no e in font nullfont!
Missing character: There is no a in font nullfont!
Missing character: There is no k in font nullfont!
Missing character: There is no i in font nullfont!
Missing character: There is no n in font nullfont!
Missing character: There is no g in font nullfont!
Missing character: There is no s in font nullfont!
Missing character: There is no o in font nullfont!
Missing character: There is no l in font nullfont!
Missing character: There is no i in font nullfont!
Missing character: There is no t in font nullfont!
Missing character: There is no a in font nullfont!
Missing character: There is no r in font nullfont!
Missing character: There is no y in font nullfont!
Missing character: There is no w in font nullfont!
Missing character: There is no a in font nullfont!
Missing character: There is no v in font nullfont!
Missing character: There is no e in font nullfont!
Missing character: There is no s in font nullfont!
Missing character: There is no a in font nullfont!
Missing character: There is no n in font nullfont!
Missing character: There is no d in font nullfont!
Missing character: There is no m in font nullfont!
Missing character: There is no e in font nullfont!
Missing character: There is no s in font nullfont!
Missing character: There is no u in font nullfont!
Missing character: There is no r in font nullfont!
Missing character: There is no e in font nullfont!
Missing character: There is no m in font nullfont!
Missing character: There is no e in font nullfont!
Missing character: There is no n in font nullfont!
Missing character: There is no t in font nullfont!
Missing character: There is no s in font nullfont!
Missing character: There is no o in font nullfont!
Missing character: There is no f in font nullfont!
Missing character: There is no s in font nullfont!
Missing character: There is no w in font nullfont!
Missing character: There is no a in font nullfont!
Missing character: There is no s in font nullfont!
Missing character: There is no h in font nullfont!
Missing character: There is no z in font nullfont!
Missing character: There is no o in font nullfont!
Missing character: There is no n in font nullfont!
Missing character: There is no e in font nullfont!
Missing character: There is no d in font nullfont!
Missing character: There is no y in font nullfont!
Missing character: There is no n in font nullfont!
Missing character: There is no a in font nullfont!
Missing character: There is no m in font nullfont!
Missing character: There is no i in font nullfont!
Missing character: There is no c in font nullfont!
Missing character: There is no s in font nullfont!
Missing character: There is no o in font nullfont!
Missing character: There is no n in font nullfont!
Missing character: There is no a in font nullfont!
LaTeX Font Info:    External font `cmex10' loaded for size
(Font)              <7> on input line 12.
LaTeX Font Info:    External font `cmex10' loaded for size
(Font)              <5> on input line 12.
Missing character: There is no b in font nullfont!
Missing character: There is no e in font nullfont!
Missing character: There is no a in font nullfont!
Missing character: There is no c in font nullfont!
Missing character: There is no h in font nullfont!
Missing character: There is no . in font nullfont!
Missing character: There is no ' in font nullfont!
Missing character: There is no ' in font nullfont!

Overfull \hbox (20.0pt too wide) in paragraph at lines 9--13
[]
 []


Overfull \hbox (21.22206pt too wide) in paragraph at lines 9--13
\OT1/cmr/m/it/10 First
 []


Overfull \hbox (8.17773pt too wide) in paragraph at lines 9--13
\OT1/cmr/m/it/10 of
 []


Overfull \hbox (13.79993pt too wide) in paragraph at lines 9--13
\OT1/cmr/m/it/10 all,
 []


Overfull \hbox (13.03323pt too wide) in paragraph at lines 9--13
\OT1/cmr/m/it/10 the
 []


Overfull \hbox (9.96658pt too wide) in paragraph at lines 9--13
\OT1/cmr/m/it/10 ti-
 []


Overfull \hbox (10.47769pt too wide) in paragraph at lines 9--13
\OT1/cmr/m/it/10 tle
 []


Overfull \hbox (7.15552pt too wide) in paragraph at lines 9--13
\OT1/cmr/m/it/10 is
 []


Overfull \hbox (25.55539pt too wide) in paragraph at lines 9--13
\OT1/cmr/m/it/10 some-
 []


Overfull \hbox (20.18877pt too wide) in paragraph at lines 9--13
\OT1/cmr/m/it/10 what
 []


Overfull \hbox (18.911pt too wide) in paragraph at lines 9--13
\OT1/cmr/m/it/10 mis-
 []


Overfull \hbox (20.44429pt too wide) in paragraph at lines 9--13
\OT1/cmr/m/it/10 lead-
 []


Overfull \hbox (16.35545pt too wide) in paragraph at lines 9--13
\OT1/cmr/m/it/10 ing.
 []


Overfull \hbox (11.52216pt too wide) in paragraph at lines 9--13
\OT1/cmr/m/it/10 As
 []


Overfull \hbox (21.97763pt too wide) in paragraph at lines 9--13
\OT1/cmr/m/it/10 men-
 []


Overfull \hbox (26.32204pt too wide) in paragraph at lines 9--13
\OT1/cmr/m/it/10 tioned
 []


Overfull \hbox (8.68884pt too wide) in paragraph at lines 9--13
\OT1/cmr/m/it/10 in
 []


Overfull \hbox (13.03323pt too wide) in paragraph at lines 9--13
\OT1/cmr/m/it/10 the
 []


Overfull \hbox (16.35538pt too wide) in paragraph at lines 9--13
\OT1/cmr/m/it/10 beg-
 []


Overfull \hbox (17.88876pt too wide) in paragraph at lines 9--13
\OT1/cmr/m/it/10 ging
 []


Overfull \hbox (8.17773pt too wide) in paragraph at lines 9--13
\OT1/cmr/m/it/10 of
 []


Overfull \hbox (15.58879pt too wide) in paragraph at lines 9--13
\OT1/cmr/m/it/10 this
 []


Overfull \hbox (11.88321pt too wide) in paragraph at lines 9--13
\OT1/cmr/m/it/10 re-
 []


Overfull \hbox (20.31651pt too wide) in paragraph at lines 9--13
\OT1/cmr/m/it/10 port,
 []


Overfull \hbox (6.38884pt too wide) in paragraph at lines 9--13
\OT1/cmr/m/it/10 it
 []


Overfull \hbox (20.95541pt too wide) in paragraph at lines 9--13
\OT1/cmr/m/it/10 deals
 []


Overfull \hbox (16.86658pt too wide) in paragraph at lines 9--13
\OT1/cmr/m/it/10 also
 []


Overfull \hbox (18.14433pt too wide) in paragraph at lines 9--13
\OT1/cmr/m/it/10 with
 []


Overfull \hbox (14.56657pt too wide) in paragraph at lines 9--13
\OT1/cmr/m/it/10 nu-
 []


Overfull \hbox (20.57207pt too wide) in paragraph at lines 9--13
\OT1/cmr/m/it/10 mer-
 []


Overfull \hbox (6.6444pt too wide) in paragraph at lines 9--13
\OT1/cmr/m/it/10 i-
 []


Overfull \hbox (11.75546pt too wide) in paragraph at lines 9--13
\OT1/cmr/m/it/10 cal
 []


Overfull \hbox (12.7777pt too wide) in paragraph at lines 9--13
\OT1/cmr/m/it/10 as-
 []


Overfull \hbox (16.61095pt too wide) in paragraph at lines 9--13
\OT1/cmr/m/it/10 pect
 []


Overfull \hbox (15.84436pt too wide) in paragraph at lines 9--13
\OT1/cmr/m/it/10 and
 []


Overfull \hbox (19.93321pt too wide) in paragraph at lines 9--13
\OT1/cmr/m/it/10 non-
 []


Overfull \hbox (35.39415pt too wide) in paragraph at lines 9--13
\OT1/cmr/m/it/10 breaking
 []


Overfull \hbox (28.11093pt too wide) in paragraph at lines 9--13
\OT1/cmr/m/it/10 waves.
 []


Overfull \hbox (25.29985pt too wide) in paragraph at lines 9--13
\OT1/cmr/m/it/10 Could
 []


Overfull \hbox (14.05547pt too wide) in paragraph at lines 9--13
\OT1/cmr/m/it/10 au-
 []


Overfull \hbox (21.84985pt too wide) in paragraph at lines 9--13
\OT1/cmr/m/it/10 thors
 []


Overfull \hbox (18.39986pt too wide) in paragraph at lines 9--13
\OT1/cmr/m/it/10 con-
 []


Overfull \hbox (21.08319pt too wide) in paragraph at lines 9--13
\OT1/cmr/m/it/10 sider
 []


Overfull \hbox (19.93321pt too wide) in paragraph at lines 9--13
\OT1/cmr/m/it/10 find-
 []


Overfull \hbox (13.2888pt too wide) in paragraph at lines 9--13
\OT1/cmr/m/it/10 ing
 []


Overfull \hbox (5.11108pt too wide) in paragraph at lines 9--13
\OT1/cmr/m/it/10 a
 []


Overfull \hbox (21.59428pt too wide) in paragraph at lines 9--13
\OT1/cmr/m/it/10 more
 []


Overfull \hbox (19.42209pt too wide) in paragraph at lines 9--13
\OT1/cmr/m/it/10 suit-
 []


Overfull \hbox (16.86655pt too wide) in paragraph at lines 9--13
\OT1/cmr/m/it/10 able
 []


Overfull \hbox (9.96658pt too wide) in paragraph at lines 9--13
\OT1/cmr/m/it/10 ti-
 []


Overfull \hbox (15.58878pt too wide) in paragraph at lines 9--13
\OT1/cmr/m/it/10 tle?
 []


Overfull \hbox (9.59724pt too wide) in paragraph at lines 9--13
\OT1/cmr/m/n/10 5[]$
 []


! LaTeX Error: Missing \begin{document}.

See the LaTeX manual or LaTeX Companion for explanation.
Type  H <return>  for immediate help.
 ...                                              
                                                  
l.14 ...e direction as well as the maximum value.}
                                                  
You're in trouble here.  Try typing  <return>  to proceed.
If that doesn't work, type  X <return>  to quit.


Overfull \hbox (20.0pt too wide) in paragraph at lines 14--15
[]
 []


Overfull \hbox (8.17773pt too wide) in paragraph at lines 14--15
\OT1/cmr/m/it/10 1.
 []


Overfull \hbox (17.88878pt too wide) in paragraph at lines 14--15
\OT1/cmr/m/it/10 One
 []


Overfull \hbox (7.15552pt too wide) in paragraph at lines 14--15
\OT1/cmr/m/it/10 is
 []


Overfull \hbox (13.03323pt too wide) in paragraph at lines 14--15
\OT1/cmr/m/it/10 the
 []


Overfull \hbox (11.24435pt too wide) in paragraph at lines 14--15
\OT1/cmr/m/it/10 ef-
 []


Overfull \hbox (19.1665pt too wide) in paragraph at lines 14--15
\OT1/cmr/m/it/10 fects
 []


Overfull \hbox (8.17773pt too wide) in paragraph at lines 14--15
\OT1/cmr/m/it/10 of
 []


Overfull \hbox (13.28879pt too wide) in paragraph at lines 14--15
\OT1/cmr/m/it/10 de-
 []


Overfull \hbox (29.77202pt too wide) in paragraph at lines 14--15
\OT1/cmr/m/it/10 formed
 []


Overfull \hbox (22.9998pt too wide) in paragraph at lines 14--15
\OT1/cmr/m/it/10 beach
 []


Overfull \hbox (9.19995pt too wide) in paragraph at lines 14--15
\OT1/cmr/m/it/10 as
 []


Overfull \hbox (15.84435pt too wide) in paragraph at lines 14--15
\OT1/cmr/m/it/10 dis-
 []


Overfull \hbox (27.34425pt too wide) in paragraph at lines 14--15
\OT1/cmr/m/it/10 cussed
 []


Overfull \hbox (8.68884pt too wide) in paragraph at lines 14--15
\OT1/cmr/m/it/10 in
 []


Overfull \hbox (13.03323pt too wide) in paragraph at lines 14--15
\OT1/cmr/m/it/10 the
 []


Overfull \hbox (15.07768pt too wide) in paragraph at lines 14--15
\OT1/cmr/m/it/10 last
 []


Overfull \hbox (22.10538pt too wide) in paragraph at lines 14--15
\OT1/cmr/m/it/10 para-
 []


Overfull \hbox (23.63872pt too wide) in paragraph at lines 14--15
\OT1/cmr/m/it/10 graph
 []


Overfull \hbox (10.73328pt too wide) in paragraph at lines 14--15
\OT1/cmr/m/it/10 on
 []


Overfull \hbox (18.91096pt too wide) in paragraph at lines 14--15
\OT1/cmr/m/it/10 page
 []


Overfull \hbox (8.17773pt too wide) in paragraph at lines 14--15
\OT1/cmr/m/it/10 6.
 []


Overfull \hbox (6.92218pt too wide) in paragraph at lines 14--15
\OT1/cmr/m/it/10 If
 []


Overfull \hbox (13.03323pt too wide) in paragraph at lines 14--15
\OT1/cmr/m/it/10 the
 []


Overfull \hbox (16.611pt too wide) in paragraph at lines 14--15
\OT1/cmr/m/it/10 sys-
 []


Overfull \hbox (19.67763pt too wide) in paragraph at lines 14--15
\OT1/cmr/m/it/10 tem-
 []


Overfull \hbox (16.09988pt too wide) in paragraph at lines 14--15
\OT1/cmr/m/it/10 atic
 []


Overfull \hbox (13.28879pt too wide) in paragraph at lines 14--15
\OT1/cmr/m/it/10 de-
 []


Overfull \hbox (21.08316pt too wide) in paragraph at lines 14--15
\OT1/cmr/m/it/10 pres-
 []


Overfull \hbox (17.8888pt too wide) in paragraph at lines 14--15
\OT1/cmr/m/it/10 sion
 []


Overfull \hbox (22.99986pt too wide) in paragraph at lines 14--15
\OT1/cmr/m/it/10 along
 []


Overfull \hbox (13.03323pt too wide) in paragraph at lines 14--15
\OT1/cmr/m/it/10 the
 []


Overfull \hbox (17.88873pt too wide) in paragraph at lines 14--15
\OT1/cmr/m/it/10 cen-
 []


Overfull \hbox (15.2054pt too wide) in paragraph at lines 14--15
\OT1/cmr/m/it/10 tre-
 []


Overfull \hbox (15.84435pt too wide) in paragraph at lines 14--15
\OT1/cmr/m/it/10 line
 []


Overfull \hbox (7.15552pt too wide) in paragraph at lines 14--15
\OT1/cmr/m/it/10 is
 []


Overfull \hbox (15.33322pt too wide) in paragraph at lines 14--15
\OT1/cmr/m/it/10 sig-
 []


Overfull \hbox (15.33324pt too wide) in paragraph at lines 14--15
\OT1/cmr/m/it/10 nif-
 []


Overfull \hbox (6.6444pt too wide) in paragraph at lines 14--15
\OT1/cmr/m/it/10 i-
 []


Overfull \hbox (18.1443pt too wide) in paragraph at lines 14--15
\OT1/cmr/m/it/10 cant
 []


Overfull \hbox (30.41092pt too wide) in paragraph at lines 14--15
\OT1/cmr/m/it/10 enough
 []


Overfull \hbox (8.43327pt too wide) in paragraph at lines 14--15
\OT1/cmr/m/it/10 to
 []


Overfull \hbox (23.25539pt too wide) in paragraph at lines 14--15
\OT1/cmr/m/it/10 cause
 []


Overfull \hbox (13.03323pt too wide) in paragraph at lines 14--15
\OT1/cmr/m/it/10 the
 []


Overfull \hbox (17.50542pt too wide) in paragraph at lines 14--15
\OT1/cmr/m/it/10 pro-
 []


Overfull \hbox (35.01086pt too wide) in paragraph at lines 14--15
\OT1/cmr/m/it/10 nounced
 []


Overfull \hbox (25.42758pt too wide) in paragraph at lines 14--15
\OT1/cmr/m/it/10 trans-
 []


Overfull \hbox (22.10538pt too wide) in paragraph at lines 14--15
\OT1/cmr/m/it/10 verse
 []


Overfull \hbox (20.57207pt too wide) in paragraph at lines 14--15
\OT1/cmr/m/it/10 vari-
 []


Overfull \hbox (8.68883pt too wide) in paragraph at lines 14--15
\OT1/cmr/m/it/10 a-
 []


Overfull \hbox (17.12212pt too wide) in paragraph at lines 14--15
\OT1/cmr/m/it/10 tion
 []


Overfull \hbox (8.17773pt too wide) in paragraph at lines 14--15
\OT1/cmr/m/it/10 of
 []


Overfull \hbox (28.74983pt too wide) in paragraph at lines 14--15
\OT1/cmr/m/it/10 runup,
 []


Overfull \hbox (14.05547pt too wide) in paragraph at lines 14--15
\OT1/cmr/m/it/10 au-
 []


Overfull \hbox (21.84985pt too wide) in paragraph at lines 14--15
\OT1/cmr/m/it/10 thors
 []


Overfull \hbox (18.14433pt too wide) in paragraph at lines 14--15
\OT1/cmr/m/it/10 may
 []


Overfull \hbox (16.86658pt too wide) in paragraph at lines 14--15
\OT1/cmr/m/it/10 also
 []


Overfull \hbox (19.42209pt too wide) in paragraph at lines 14--15
\OT1/cmr/m/it/10 have
 []


Overfull \hbox (8.43327pt too wide) in paragraph at lines 14--15
\OT1/cmr/m/it/10 to
 []


Overfull \hbox (11.88321pt too wide) in paragraph at lines 14--15
\OT1/cmr/m/it/10 re-
 []


Overfull \hbox (17.24986pt too wide) in paragraph at lines 14--15
\OT1/cmr/m/it/10 port
 []


Overfull \hbox (25.68318pt too wide) in paragraph at lines 14--15
\OT1/cmr/m/it/10 runup
 []


Overfull \hbox (22.23318pt too wide) in paragraph at lines 14--15
\OT1/cmr/m/it/10 value
 []


Overfull \hbox (13.28879pt too wide) in paragraph at lines 14--15
\OT1/cmr/m/it/10 av-
 []


Overfull \hbox (12.39433pt too wide) in paragraph at lines 14--15
\OT1/cmr/m/it/10 er-
 []


Overfull \hbox (18.91096pt too wide) in paragraph at lines 14--15
\OT1/cmr/m/it/10 aged
 []


Overfull \hbox (18.52763pt too wide) in paragraph at lines 14--15
\OT1/cmr/m/it/10 over
 []


Overfull \hbox (13.03323pt too wide) in paragraph at lines 14--15
\OT1/cmr/m/it/10 the
 []


Overfull \hbox (25.42758pt too wide) in paragraph at lines 14--15
\OT1/cmr/m/it/10 trans-
 []


Overfull \hbox (22.10538pt too wide) in paragraph at lines 14--15
\OT1/cmr/m/it/10 verse
 []


Overfull \hbox (11.75548pt too wide) in paragraph at lines 14--15
\OT1/cmr/m/it/10 di-
 []


Overfull \hbox (15.97205pt too wide) in paragraph at lines 14--15
\OT1/cmr/m/it/10 rec-
 []


Overfull \hbox (17.12212pt too wide) in paragraph at lines 14--15
\OT1/cmr/m/it/10 tion
 []


Overfull \hbox (9.19995pt too wide) in paragraph at lines 14--15
\OT1/cmr/m/it/10 as
 []


Overfull \hbox (16.86656pt too wide) in paragraph at lines 14--15
\OT1/cmr/m/it/10 well
 []


Overfull \hbox (9.19995pt too wide) in paragraph at lines 14--15
\OT1/cmr/m/it/10 as
 []


Overfull \hbox (13.03323pt too wide) in paragraph at lines 14--15
\OT1/cmr/m/it/10 the
 []


Overfull \hbox (21.50543pt too wide) in paragraph at lines 14--15
\OT1/cmr/m/it/10 max-
 []


Overfull \hbox (6.6444pt too wide) in paragraph at lines 14--15
\OT1/cmr/m/it/10 i-
 []


Overfull \hbox (21.7221pt too wide) in paragraph at lines 14--15
\OT1/cmr/m/it/10 mum
 []


Overfull \hbox (25.29984pt too wide) in paragraph at lines 14--15
\OT1/cmr/m/it/10 value.
 []


! LaTeX Error: Missing \begin{document}.

See the LaTeX manual or LaTeX Companion for explanation.
Type  H <return>  for immediate help.
 ...                                              
                                                  
l.16 F
      or the non breaking wave $\alpha =0.10$, an traverse field of view ave...

You're in trouble here.  Try typing  <return>  to proceed.
If that doesn't work, type  X <return>  to quit.

Missing character: There is no F in font nullfont!
Missing character: There is no o in font nullfont!
Missing character: There is no r in font nullfont!
Missing character: There is no t in font nullfont!
Missing character: There is no h in font nullfont!
Missing character: There is no e in font nullfont!
Missing character: There is no n in font nullfont!
Missing character: There is no o in font nullfont!
Missing character: There is no n in font nullfont!
Missing character: There is no b in font nullfont!
Missing character: There is no r in font nullfont!
Missing character: There is no e in font nullfont!
Missing character: There is no a in font nullfont!
Missing character: There is no k in font nullfont!
Missing character: There is no i in font nullfont!
Missing character: There is no n in font nullfont!
Missing character: There is no g in font nullfont!
Missing character: There is no w in font nullfont!
Missing character: There is no a in font nullfont!
Missing character: There is no v in font nullfont!
Missing character: There is no e in font nullfont!
Missing character: There is no , in font nullfont!
Missing character: There is no a in font nullfont!
Missing character: There is no n in font nullfont!
Missing character: There is no t in font nullfont!
Missing character: There is no r in font nullfont!
Missing character: There is no a in font nullfont!
Missing character: There is no v in font nullfont!
Missing character: There is no e in font nullfont!
Missing character: There is no r in font nullfont!
Missing character: There is no s in font nullfont!
Missing character: There is no e in font nullfont!
Missing character: There is no f in font nullfont!
Missing character: There is no i in font nullfont!
Missing character: There is no e in font nullfont!
Missing character: There is no l in font nullfont!
Missing character: There is no d in font nullfont!
Missing character: There is no o in font nullfont!
Missing character: There is no f in font nullfont!
Missing character: There is no v in font nullfont!
Missing character: There is no i in font nullfont!
Missing character: There is no e in font nullfont!
Missing character: There is no w in font nullfont!
Missing character: There is no a in font nullfont!
Missing character: There is no v in font nullfont!
Missing character: There is no e in font nullfont!
Missing character: There is no r in font nullfont!
Missing character: There is no a in font nullfont!
Missing character: There is no g in font nullfont!
Missing character: There is no e in font nullfont!
Missing character: There is no r in font nullfont!
Missing character: There is no u in font nullfont!
Missing character: There is no n in font nullfont!
Missing character: There is no u in font nullfont!
Missing character: There is no p in font nullfont!
Missing character: There is no h in font nullfont!
Missing character: There is no e in font nullfont!
Missing character: There is no i in font nullfont!
Missing character: There is no g in font nullfont!
Missing character: There is no h in font nullfont!
Missing character: There is no t in font nullfont!
Missing character: There is no i in font nullfont!
Missing character: There is no s in font nullfont!
Missing character: There is no a in font nullfont!
Missing character: There is no d in font nullfont!
Missing character: There is no d in font nullfont!
Missing character: There is no e in font nullfont!
Missing character: There is no d in font nullfont!
Missing character: There is no i in font nullfont!
Missing character: There is no n in font nullfont!
Missing character: There is no t in font nullfont!
Missing character: There is no h in font nullfont!
Missing character: There is no e in font nullfont!
Missing character: There is no m in font nullfont!
Missing character: There is no a in font nullfont!
Missing character: There is no n in font nullfont!
Missing character: There is no u in font nullfont!
Missing character: There is no s in font nullfont!
Missing character: There is no c in font nullfont!
Missing character: There is no r in font nullfont!
Missing character: There is no i in font nullfont!
Missing character: There is no p in font nullfont!
Missing character: There is no t in font nullfont!
Missing character: There is no . in font nullfont!
Missing character: There is no I in font nullfont!
Missing character: There is no n in font nullfont!
Missing character: There is no t in font nullfont!
Missing character: There is no h in font nullfont!
Missing character: There is no e in font nullfont!
Missing character: There is no b in font nullfont!
Missing character: There is no r in font nullfont!
Missing character: There is no e in font nullfont!
Missing character: There is no a in font nullfont!
Missing character: There is no k in font nullfont!
Missing character: There is no i in font nullfont!
Missing character: There is no n in font nullfont!
Missing character: There is no g in font nullfont!
Missing character: There is no w in font nullfont!
Missing character: There is no a in font nullfont!
Missing character: There is no v in font nullfont!
Missing character: There is no e in font nullfont!
Missing character: There is no c in font nullfont!
Missing character: There is no a in font nullfont!
Missing character: There is no s in font nullfont!
Missing character: There is no e in font nullfont!
Missing character: There is no s in font nullfont!
Missing character: There is no t in font nullfont!
Missing character: There is no h in font nullfont!
Missing character: There is no e in font nullfont!
Missing character: There is no s in font nullfont!
Missing character: There is no h in font nullfont!
Missing character: There is no o in font nullfont!
Missing character: There is no r in font nullfont!
Missing character: There is no e in font nullfont!
Missing character: There is no l in font nullfont!
Missing character: There is no i in font nullfont!
Missing character: There is no n in font nullfont!
Missing character: There is no e in font nullfont!
Missing character: There is no d in font nullfont!
Missing character: There is no e in font nullfont!
Missing character: There is no f in font nullfont!
Missing character: There is no o in font nullfont!
Missing character: There is no r in font nullfont!
Missing character: There is no m in font nullfont!
Missing character: There is no a in font nullfont!
Missing character: There is no t in font nullfont!
Missing character: There is no i in font nullfont!
Missing character: There is no o in font nullfont!
Missing character: There is no n in font nullfont!
Missing character: There is no w in font nullfont!
Missing character: There is no a in font nullfont!
Missing character: There is no s in font nullfont!
Missing character: There is no t in font nullfont!
Missing character: There is no o in font nullfont!
Missing character: There is no o in font nullfont!
Missing character: There is no l in font nullfont!
Missing character: There is no a in font nullfont!
Missing character: There is no r in font nullfont!
Missing character: There is no g in font nullfont!
Missing character: There is no e in font nullfont!
Missing character: There is no , in font nullfont!
Missing character: There is no s in font nullfont!
Missing character: There is no u in font nullfont!
Missing character: There is no c in font nullfont!
Missing character: There is no h in font nullfont!
Missing character: There is no t in font nullfont!
Missing character: There is no h in font nullfont!
Missing character: There is no a in font nullfont!
Missing character: There is no t in font nullfont!
Missing character: There is no o in font nullfont!
Missing character: There is no n in font nullfont!
Missing character: There is no l in font nullfont!
Missing character: There is no y in font nullfont!
Missing character: There is no p in font nullfont!
Missing character: There is no i in font nullfont!
Missing character: There is no e in font nullfont!
Missing character: There is no c in font nullfont!
Missing character: There is no e in font nullfont!
Missing character: There is no s in font nullfont!
Missing character: There is no o in font nullfont!
Missing character: There is no f in font nullfont!
Missing character: There is no t in font nullfont!
Missing character: There is no h in font nullfont!
Missing character: There is no e in font nullfont!
Missing character: There is no s in font nullfont!
Missing character: There is no h in font nullfont!
Missing character: There is no o in font nullfont!
Missing character: There is no r in font nullfont!
Missing character: There is no e in font nullfont!
Missing character: There is no l in font nullfont!
Missing character: There is no i in font nullfont!
Missing character: There is no n in font nullfont!
Missing character: There is no e in font nullfont!
Missing character: There is no w in font nullfont!
Missing character: There is no a in font nullfont!
Missing character: There is no s in font nullfont!
Missing character: There is no c in font nullfont!
Missing character: There is no a in font nullfont!
Missing character: There is no p in font nullfont!
Missing character: There is no t in font nullfont!
Missing character: There is no u in font nullfont!
Missing character: There is no r in font nullfont!
Missing character: There is no e in font nullfont!
Missing character: There is no d in font nullfont!
Missing character: There is no i in font nullfont!
Missing character: There is no n in font nullfont!
Missing character: There is no t in font nullfont!
Missing character: There is no h in font nullfont!
Missing character: There is no e in font nullfont!
Missing character: There is no f in font nullfont!
Missing character: There is no i in font nullfont!
Missing character: There is no e in font nullfont!
Missing character: There is no l in font nullfont!
Missing character: There is no d in font nullfont!
Missing character: There is no o in font nullfont!
Missing character: There is no f in font nullfont!
Missing character: There is no v in font nullfont!
Missing character: There is no i in font nullfont!
Missing character: There is no e in font nullfont!
Missing character: There is no w in font nullfont!
Missing character: There is no s in font nullfont!
Missing character: There is no . in font nullfont!
Missing character: There is no A in font nullfont!
Missing character: There is no n in font nullfont!
Missing character: There is no a in font nullfont!
Missing character: There is no v in font nullfont!
Missing character: There is no e in font nullfont!
Missing character: There is no r in font nullfont!
Missing character: There is no a in font nullfont!
Missing character: There is no g in font nullfont!
Missing character: There is no e in font nullfont!
Missing character: There is no o in font nullfont!
Missing character: There is no f in font nullfont!
Missing character: There is no t in font nullfont!
Missing character: There is no h in font nullfont!
Missing character: There is no e in font nullfont!
Missing character: There is no c in font nullfont!
Missing character: There is no a in font nullfont!
Missing character: There is no p in font nullfont!
Missing character: There is no t in font nullfont!
Missing character: There is no u in font nullfont!
Missing character: There is no r in font nullfont!
Missing character: There is no e in font nullfont!
Missing character: There is no d in font nullfont!
Missing character: There is no s in font nullfont!
Missing character: There is no h in font nullfont!
Missing character: There is no o in font nullfont!
Missing character: There is no r in font nullfont!
Missing character: There is no e in font nullfont!
Missing character: There is no l in font nullfont!
Missing character: There is no i in font nullfont!
Missing character: There is no n in font nullfont!
Missing character: There is no e in font nullfont!
Missing character: There is no w in font nullfont!
Missing character: There is no o in font nullfont!
Missing character: There is no u in font nullfont!
Missing character: There is no l in font nullfont!
Missing character: There is no d in font nullfont!
Missing character: There is no t in font nullfont!
Missing character: There is no h in font nullfont!
Missing character: There is no e in font nullfont!
Missing character: There is no r in font nullfont!
Missing character: There is no e in font nullfont!
Missing character: There is no f in font nullfont!
Missing character: There is no o in font nullfont!
Missing character: There is no r in font nullfont!
Missing character: There is no e in font nullfont!
Missing character: There is no b in font nullfont!
Missing character: There is no e in font nullfont!
Missing character: There is no m in font nullfont!
Missing character: There is no i in font nullfont!
Missing character: There is no s in font nullfont!
Missing character: There is no l in font nullfont!
Missing character: There is no e in font nullfont!
Missing character: There is no a in font nullfont!
Missing character: There is no d in font nullfont!
Missing character: There is no i in font nullfont!
Missing character: There is no n in font nullfont!
Missing character: There is no g in font nullfont!
Missing character: There is no a in font nullfont!
Missing character: There is no n in font nullfont!
Missing character: There is no d in font nullfont!
Missing character: There is no a in font nullfont!
Missing character: There is no r in font nullfont!
Missing character: There is no e in font nullfont!
Missing character: There is no n in font nullfont!
Missing character: There is no o in font nullfont!
Missing character: There is no t in font nullfont!
Missing character: There is no i in font nullfont!
Missing character: There is no n in font nullfont!
Missing character: There is no c in font nullfont!
Missing character: There is no l in font nullfont!
Missing character: There is no u in font nullfont!
Missing character: There is no d in font nullfont!
Missing character: There is no e in font nullfont!
Missing character: There is no d in font nullfont!
Missing character: There is no . in font nullfont!

Overfull \hbox (20.0pt too wide) in paragraph at lines 16--17
[]
 []


Overfull \hbox (16.98955pt too wide) in paragraph at lines 16--17
\OML/cmm/m/it/10  \OT1/cmr/m/n/10 =
 []


Overfull \hbox (17.77783pt too wide) in paragraph at lines 16--17
\OT1/cmr/m/n/10 0\OML/cmm/m/it/10 :\OT1/cmr/m/n/10 10$
 []


! LaTeX Error: Missing \begin{document}.

See the LaTeX manual or LaTeX Companion for explanation.
Type  H <return>  for immediate help.
 ...                                              
                                                  
l.18 ...nt runs in figures 10 \& 11, for example.}
                                                  
You're in trouble here.  Try typing  <return>  to proceed.
If that doesn't work, type  X <return>  to quit.


Overfull \hbox (20.0pt too wide) in paragraph at lines 18--19
[]
 []


Overfull \hbox (8.17773pt too wide) in paragraph at lines 18--19
\OT1/cmr/m/it/10 2.
 []


Overfull \hbox (16.86655pt too wide) in paragraph at lines 18--19
\OT1/cmr/m/it/10 The
 []


Overfull \hbox (22.36095pt too wide) in paragraph at lines 18--19
\OT1/cmr/m/it/10 other
 []


Overfull \hbox (7.15552pt too wide) in paragraph at lines 18--19
\OT1/cmr/m/it/10 is
 []


Overfull \hbox (13.03323pt too wide) in paragraph at lines 18--19
\OT1/cmr/m/it/10 the
 []


Overfull \hbox (14.56657pt too wide) in paragraph at lines 18--19
\OT1/cmr/m/it/10 un-
 []


Overfull \hbox (16.48317pt too wide) in paragraph at lines 18--19
\OT1/cmr/m/it/10 cer-
 []


Overfull \hbox (25.29982pt too wide) in paragraph at lines 18--19
\OT1/cmr/m/it/10 tainty
 []


Overfull \hbox (8.17773pt too wide) in paragraph at lines 18--19
\OT1/cmr/m/it/10 of
 []


Overfull \hbox (13.03323pt too wide) in paragraph at lines 18--19
\OT1/cmr/m/it/10 the
 []


Overfull \hbox (21.72209pt too wide) in paragraph at lines 18--19
\OT1/cmr/m/it/10 data.
 []


Overfull \hbox (9.47772pt too wide) in paragraph at lines 18--19
\OT1/cmr/m/it/10 In
 []


Overfull \hbox (23.76653pt too wide) in paragraph at lines 18--19
\OT1/cmr/m/it/10 many
 []


Overfull \hbox (21.33873pt too wide) in paragraph at lines 18--19
\OT1/cmr/m/it/10 parts
 []


Overfull \hbox (8.17773pt too wide) in paragraph at lines 18--19
\OT1/cmr/m/it/10 of
 []


Overfull \hbox (13.03323pt too wide) in paragraph at lines 18--19
\OT1/cmr/m/it/10 the
 []


Overfull \hbox (51.74968pt too wide) in paragraph at lines 18--19
\OT1/cmr/m/it/10 manuscript,
 []


Overfull \hbox (14.05547pt too wide) in paragraph at lines 18--19
\OT1/cmr/m/it/10 au-
 []


Overfull \hbox (21.84985pt too wide) in paragraph at lines 18--19
\OT1/cmr/m/it/10 thors
 []


Overfull \hbox (14.82213pt too wide) in paragraph at lines 18--19
\OT1/cmr/m/it/10 im-
 []


Overfull \hbox (19.9332pt too wide) in paragraph at lines 18--19
\OT1/cmr/m/it/10 plied
 []


Overfull \hbox (16.86655pt too wide) in paragraph at lines 18--19
\OT1/cmr/m/it/10 that
 []


Overfull \hbox (13.03323pt too wide) in paragraph at lines 18--19
\OT1/cmr/m/it/10 the
 []


Overfull \hbox (14.56657pt too wide) in paragraph at lines 18--19
\OT1/cmr/m/it/10 un-
 []


Overfull \hbox (16.48317pt too wide) in paragraph at lines 18--19
\OT1/cmr/m/it/10 cer-
 []


Overfull \hbox (25.29982pt too wide) in paragraph at lines 18--19
\OT1/cmr/m/it/10 tainty
 []


Overfull \hbox (8.17773pt too wide) in paragraph at lines 18--19
\OT1/cmr/m/it/10 of
 []


Overfull \hbox (13.03323pt too wide) in paragraph at lines 18--19
\OT1/cmr/m/it/10 the
 []


Overfull \hbox (12.77766pt too wide) in paragraph at lines 18--19
\OT1/cmr/m/it/10 ve-
 []


Overfull \hbox (15.3332pt too wide) in paragraph at lines 18--19
\OT1/cmr/m/it/10 loc-
 []


Overfull \hbox (11.24435pt too wide) in paragraph at lines 18--19
\OT1/cmr/m/it/10 ity
 []


Overfull \hbox (18.65544pt too wide) in paragraph at lines 18--19
\OT1/cmr/m/it/10 data
 []


Overfull \hbox (13.41655pt too wide) in paragraph at lines 18--19
\OT1/cmr/m/it/10 are
 []


Overfull \hbox (15.33322pt too wide) in paragraph at lines 18--19
\OT1/cmr/m/it/10 sig-
 []


Overfull \hbox (15.33324pt too wide) in paragraph at lines 18--19
\OT1/cmr/m/it/10 nif-
 []


Overfull \hbox (6.6444pt too wide) in paragraph at lines 18--19
\OT1/cmr/m/it/10 i-
 []


Overfull \hbox (21.21095pt too wide) in paragraph at lines 18--19
\OT1/cmr/m/it/10 cant,
 []


Overfull \hbox (24.53319pt too wide) in paragraph at lines 18--19
\OT1/cmr/m/it/10 which
 []


Overfull \hbox (11.88321pt too wide) in paragraph at lines 18--19
\OT1/cmr/m/it/10 re-
 []


Overfull \hbox (19.4221pt too wide) in paragraph at lines 18--19
\OT1/cmr/m/it/10 sults
 []


Overfull \hbox (8.68884pt too wide) in paragraph at lines 18--19
\OT1/cmr/m/it/10 in
 []


Overfull \hbox (31.30533pt too wide) in paragraph at lines 18--19
\OT1/cmr/m/it/10 marked
 []


Overfull \hbox (20.57207pt too wide) in paragraph at lines 18--19
\OT1/cmr/m/it/10 vari-
 []


Overfull \hbox (8.68883pt too wide) in paragraph at lines 18--19
\OT1/cmr/m/it/10 a-
 []


Overfull \hbox (21.21098pt too wide) in paragraph at lines 18--19
\OT1/cmr/m/it/10 tions
 []


Overfull \hbox (28.62206pt too wide) in paragraph at lines 18--19
\OT1/cmr/m/it/10 among
 []


Overfull \hbox (14.82213pt too wide) in paragraph at lines 18--19
\OT1/cmr/m/it/10 dif-
 []


Overfull \hbox (15.46098pt too wide) in paragraph at lines 18--19
\OT1/cmr/m/it/10 fer-
 []


Overfull \hbox (13.54434pt too wide) in paragraph at lines 18--19
\OT1/cmr/m/it/10 ent
 []


Overfull \hbox (19.29433pt too wide) in paragraph at lines 18--19
\OT1/cmr/m/it/10 runs
 []


Overfull \hbox (8.68884pt too wide) in paragraph at lines 18--19
\OT1/cmr/m/it/10 in
 []


Overfull \hbox (13.7999pt too wide) in paragraph at lines 18--19
\OT1/cmr/m/it/10 fig-
 []


Overfull \hbox (17.76097pt too wide) in paragraph at lines 18--19
\OT1/cmr/m/it/10 ures
 []


Overfull \hbox (10.22217pt too wide) in paragraph at lines 18--19
\OT1/cmr/m/it/10 10
 []


Overfull \hbox (7.66663pt too wide) in paragraph at lines 18--19
\OT1/cmr/m/it/10 &
 []


Overfull \hbox (13.28882pt too wide) in paragraph at lines 18--19
\OT1/cmr/m/it/10 11,
 []


Overfull \hbox (12.39436pt too wide) in paragraph at lines 18--19
\OT1/cmr/m/it/10 for
 []


Overfull \hbox (12.81657pt too wide) in paragraph at lines 18--19
\OT1/cmr/m/it/10 ex-
 []


Overfull \hbox (16.86656pt too wide) in paragraph at lines 18--19
\OT1/cmr/m/it/10 am-
 []


Overfull \hbox (15.33324pt too wide) in paragraph at lines 18--19
\OT1/cmr/m/it/10 ple.
 []


! LaTeX Error: The font size command \normalsize is not defined:
               there is probably something wrong with the class file.

See the LaTeX manual or LaTeX Companion for explanation.
Type  H <return>  for immediate help.
 ...                                              
                                                  
l.19 
     
Your command was ignored.
Type  I <command> <return>  to replace it with another command,
or  <return>  to continue without it.

[1{/usr/local/texlive/2015/texmf-var/fonts/map/pdftex/updmap/pdftex.map}]

! LaTeX Error: Missing \begin{document}.

See the LaTeX manual or LaTeX Companion for explanation.
Type  H <return>  for immediate help.
 ...                                              
                                                  
l.20 T
      he uncertainty related to the data, the experimental setup, and the PI...

You're in trouble here.  Try typing  <return>  to proceed.
If that doesn't work, type  X <return>  to quit.

Missing character: There is no T in font nullfont!
Missing character: There is no h in font nullfont!
Missing character: There is no e in font nullfont!
Missing character: There is no u in font nullfont!
Missing character: There is no n in font nullfont!
Missing character: There is no c in font nullfont!
Missing character: There is no e in font nullfont!
Missing character: There is no r in font nullfont!
Missing character: There is no t in font nullfont!
Missing character: There is no a in font nullfont!
Missing character: There is no i in font nullfont!
Missing character: There is no n in font nullfont!
Missing character: There is no t in font nullfont!
Missing character: There is no y in font nullfont!
Missing character: There is no r in font nullfont!
Missing character: There is no e in font nullfont!
Missing character: There is no l in font nullfont!
Missing character: There is no a in font nullfont!
Missing character: There is no t in font nullfont!
Missing character: There is no e in font nullfont!
Missing character: There is no d in font nullfont!
Missing character: There is no t in font nullfont!
Missing character: There is no o in font nullfont!
Missing character: There is no t in font nullfont!
Missing character: There is no h in font nullfont!
Missing character: There is no e in font nullfont!
Missing character: There is no d in font nullfont!
Missing character: There is no a in font nullfont!
Missing character: There is no t in font nullfont!
Missing character: There is no a in font nullfont!
Missing character: There is no , in font nullfont!
Missing character: There is no t in font nullfont!
Missing character: There is no h in font nullfont!
Missing character: There is no e in font nullfont!
Missing character: There is no e in font nullfont!
Missing character: There is no x in font nullfont!
Missing character: There is no p in font nullfont!
Missing character: There is no e in font nullfont!
Missing character: There is no r in font nullfont!
Missing character: There is no i in font nullfont!
Missing character: There is no m in font nullfont!
Missing character: There is no e in font nullfont!
Missing character: There is no n in font nullfont!
Missing character: There is no t in font nullfont!
Missing character: There is no a in font nullfont!
Missing character: There is no l in font nullfont!
Missing character: There is no s in font nullfont!
Missing character: There is no e in font nullfont!
Missing character: There is no t in font nullfont!
Missing character: There is no u in font nullfont!
Missing character: There is no p in font nullfont!
Missing character: There is no , in font nullfont!
Missing character: There is no a in font nullfont!
Missing character: There is no n in font nullfont!
Missing character: There is no d in font nullfont!
Missing character: There is no t in font nullfont!
Missing character: There is no h in font nullfont!
Missing character: There is no e in font nullfont!
Missing character: There is no P in font nullfont!
Missing character: There is no I in font nullfont!
Missing character: There is no V in font nullfont!
Missing character: There is no a in font nullfont!
Missing character: There is no l in font nullfont!
Missing character: There is no g in font nullfont!
Missing character: There is no o in font nullfont!
Missing character: There is no r in font nullfont!
Missing character: There is no i in font nullfont!
Missing character: There is no t in font nullfont!
Missing character: There is no h in font nullfont!
Missing character: There is no m in font nullfont!
Missing character: There is no c in font nullfont!
Missing character: There is no a in font nullfont!
Missing character: There is no n in font nullfont!
Missing character: There is no b in font nullfont!
Missing character: There is no e in font nullfont!
Missing character: There is no r in font nullfont!
Missing character: There is no e in font nullfont!
Missing character: There is no l in font nullfont!
Missing character: There is no a in font nullfont!
Missing character: There is no t in font nullfont!
Missing character: There is no e in font nullfont!
Missing character: There is no d in font nullfont!
Missing character: There is no t in font nullfont!
Missing character: There is no o in font nullfont!
Missing character: There is no t in font nullfont!
Missing character: There is no h in font nullfont!
Missing character: There is no e in font nullfont!
Missing character: There is no d in font nullfont!
Missing character: There is no e in font nullfont!
Missing character: There is no v in font nullfont!
Missing character: There is no i in font nullfont!
Missing character: There is no a in font nullfont!
Missing character: There is no t in font nullfont!
Missing character: There is no i in font nullfont!
Missing character: There is no o in font nullfont!
Missing character: There is no n in font nullfont!
Missing character: There is no b in font nullfont!
Missing character: There is no e in font nullfont!
Missing character: There is no t in font nullfont!
Missing character: There is no w in font nullfont!
Missing character: There is no e in font nullfont!
Missing character: There is no e in font nullfont!
Missing character: There is no n in font nullfont!
Missing character: There is no t in font nullfont!
Missing character: There is no h in font nullfont!
Missing character: There is no e in font nullfont!
Missing character: There is no r in font nullfont!
Missing character: There is no u in font nullfont!
Missing character: There is no n in font nullfont!
Missing character: There is no s in font nullfont!
Missing character: There is no f in font nullfont!
Missing character: There is no o in font nullfont!
Missing character: There is no r in font nullfont!
Missing character: There is no t in font nullfont!
Missing character: There is no h in font nullfont!
Missing character: There is no e in font nullfont!
Missing character: There is no n in font nullfont!
Missing character: There is no o in font nullfont!
Missing character: There is no n in font nullfont!
Missing character: There is no b in font nullfont!
Missing character: There is no r in font nullfont!
Missing character: There is no e in font nullfont!
Missing character: There is no a in font nullfont!
Missing character: There is no k in font nullfont!
Missing character: There is no i in font nullfont!
Missing character: There is no n in font nullfont!
Missing character: There is no g in font nullfont!
Missing character: There is no c in font nullfont!
Missing character: There is no a in font nullfont!
Missing character: There is no s in font nullfont!
Missing character: There is no e in font nullfont!
Missing character: There is no . in font nullfont!
Missing character: There is no T in font nullfont!
Missing character: There is no h in font nullfont!
Missing character: There is no e in font nullfont!
Missing character: There is no d in font nullfont!
Missing character: There is no e in font nullfont!
Missing character: There is no v in font nullfont!
Missing character: There is no i in font nullfont!
Missing character: There is no a in font nullfont!
Missing character: There is no t in font nullfont!
Missing character: There is no i in font nullfont!
Missing character: There is no o in font nullfont!
Missing character: There is no n in font nullfont!
Missing character: There is no b in font nullfont!
Missing character: There is no e in font nullfont!
Missing character: There is no t in font nullfont!
Missing character: There is no w in font nullfont!
Missing character: There is no e in font nullfont!
Missing character: There is no e in font nullfont!
Missing character: There is no n in font nullfont!
Missing character: There is no t in font nullfont!
Missing character: There is no h in font nullfont!
Missing character: There is no e in font nullfont!
Missing character: There is no r in font nullfont!
Missing character: There is no u in font nullfont!
Missing character: There is no n in font nullfont!
Missing character: There is no s in font nullfont!
Missing character: There is no o in font nullfont!
Missing character: There is no b in font nullfont!
Missing character: There is no s in font nullfont!
Missing character: There is no e in font nullfont!
Missing character: There is no r in font nullfont!
Missing character: There is no v in font nullfont!
Missing character: There is no e in font nullfont!
Missing character: There is no d in font nullfont!
Missing character: There is no i in font nullfont!
Missing character: There is no n in font nullfont!
Missing character: There is no F in font nullfont!
Missing character: There is no i in font nullfont!
Missing character: There is no g in font nullfont!
Missing character: There is no u in font nullfont!
Missing character: There is no r in font nullfont!
Missing character: There is no e in font nullfont!
Missing character: There is no 1 in font nullfont!
Missing character: There is no 0 in font nullfont!
Missing character: There is no a in font nullfont!
Missing character: There is no n in font nullfont!
Missing character: There is no d in font nullfont!
Missing character: There is no 1 in font nullfont!
Missing character: There is no 1 in font nullfont!
Missing character: There is no i in font nullfont!
Missing character: There is no s in font nullfont!
Missing character: There is no l in font nullfont!
Missing character: There is no a in font nullfont!
Missing character: There is no r in font nullfont!
Missing character: There is no g in font nullfont!
Missing character: There is no e in font nullfont!
Missing character: There is no r in font nullfont!
Missing character: There is no t in font nullfont!
Missing character: There is no h in font nullfont!
Missing character: There is no a in font nullfont!
Missing character: There is no n in font nullfont!
Missing character: There is no t in font nullfont!
Missing character: There is no h in font nullfont!
Missing character: There is no e in font nullfont!
Missing character: There is no o in font nullfont!
Missing character: There is no n in font nullfont!
Missing character: There is no e in font nullfont!
Missing character: There is no s in font nullfont!
Missing character: There is no i in font nullfont!
Missing character: There is no n in font nullfont!
Missing character: There is no F in font nullfont!
Missing character: There is no i in font nullfont!
Missing character: There is no g in font nullfont!
Missing character: There is no u in font nullfont!
Missing character: There is no r in font nullfont!
Missing character: There is no e in font nullfont!
Missing character: There is no 9 in font nullfont!
Missing character: There is no a in font nullfont!
Missing character: There is no , in font nullfont!
Missing character: There is no a in font nullfont!
Missing character: There is no n in font nullfont!
Missing character: There is no d in font nullfont!
Missing character: There is no t in font nullfont!
Missing character: There is no h in font nullfont!
Missing character: There is no e in font nullfont!
Missing character: There is no d in font nullfont!
Missing character: There is no e in font nullfont!
Missing character: There is no v in font nullfont!
Missing character: There is no i in font nullfont!
Missing character: There is no a in font nullfont!
Missing character: There is no t in font nullfont!
Missing character: There is no i in font nullfont!
Missing character: There is no o in font nullfont!
Missing character: There is no n in font nullfont!
Missing character: There is no s in font nullfont!
Missing character: There is no m in font nullfont!
Missing character: There is no u in font nullfont!
Missing character: There is no s in font nullfont!
Missing character: There is no t in font nullfont!
Missing character: There is no t in font nullfont!
Missing character: There is no h in font nullfont!
Missing character: There is no e in font nullfont!
Missing character: There is no r in font nullfont!
Missing character: There is no e in font nullfont!
Missing character: There is no f in font nullfont!
Missing character: There is no o in font nullfont!
Missing character: There is no r in font nullfont!
Missing character: There is no e in font nullfont!
Missing character: There is no b in font nullfont!
Missing character: There is no e in font nullfont!
Missing character: There is no i in font nullfont!
Missing character: There is no n in font nullfont!
Missing character: There is no t in font nullfont!
Missing character: There is no e in font nullfont!
Missing character: There is no r in font nullfont!
Missing character: There is no p in font nullfont!
Missing character: There is no r in font nullfont!
Missing character: There is no e in font nullfont!
Missing character: There is no t in font nullfont!
Missing character: There is no e in font nullfont!
Missing character: There is no d in font nullfont!
Missing character: There is no a in font nullfont!
Missing character: There is no s in font nullfont!
Missing character: There is no p in font nullfont!
Missing character: There is no h in font nullfont!
Missing character: There is no y in font nullfont!
Missing character: There is no s in font nullfont!
Missing character: There is no i in font nullfont!
Missing character: There is no c in font nullfont!
Missing character: There is no a in font nullfont!
Missing character: There is no l in font nullfont!
Missing character: There is no . in font nullfont!

Overfull \hbox (20.0pt too wide) in paragraph at lines 20--21
[]
 []


! LaTeX Error: Missing \begin{document}.

See the LaTeX manual or LaTeX Companion for explanation.
Type  H <return>  for immediate help.
 ...                                              
                                                  
l.23 ...mal uncertainty analysis and quantify it.}
                                                  
You're in trouble here.  Try typing  <return>  to proceed.
If that doesn't work, type  X <return>  to quit.


Overfull \hbox (20.0pt too wide) in paragraph at lines 23--24
[]
 []


Overfull \hbox (7.17772pt too wide) in paragraph at lines 23--24
\OT1/cmr/m/it/10 It
 []


Overfull \hbox (7.15552pt too wide) in paragraph at lines 23--24
\OT1/cmr/m/it/10 is
 []


Overfull \hbox (14.56657pt too wide) in paragraph at lines 23--24
\OT1/cmr/m/it/10 un-
 []


Overfull \hbox (17.50542pt too wide) in paragraph at lines 23--24
\OT1/cmr/m/it/10 der-
 []


Overfull \hbox (26.83316pt too wide) in paragraph at lines 23--24
\OT1/cmr/m/it/10 stand-
 []


Overfull \hbox (16.86655pt too wide) in paragraph at lines 23--24
\OT1/cmr/m/it/10 able
 []


Overfull \hbox (22.48872pt too wide) in paragraph at lines 23--24
\OT1/cmr/m/it/10 given
 []


Overfull \hbox (16.86655pt too wide) in paragraph at lines 23--24
\OT1/cmr/m/it/10 that
 []


Overfull \hbox (13.03323pt too wide) in paragraph at lines 23--24
\OT1/cmr/m/it/10 the
 []


Overfull \hbox (20.95541pt too wide) in paragraph at lines 23--24
\OT1/cmr/m/it/10 chal-
 []


Overfull \hbox (20.9554pt too wide) in paragraph at lines 23--24
\OT1/cmr/m/it/10 leng-
 []


Overfull \hbox (13.2888pt too wide) in paragraph at lines 23--24
\OT1/cmr/m/it/10 ing
 []


Overfull \hbox (14.05545pt too wide) in paragraph at lines 23--24
\OT1/cmr/m/it/10 sit-
 []


Overfull \hbox (8.94438pt too wide) in paragraph at lines 23--24
\OT1/cmr/m/it/10 u-
 []


Overfull \hbox (8.68883pt too wide) in paragraph at lines 23--24
\OT1/cmr/m/it/10 a-
 []


Overfull \hbox (17.12212pt too wide) in paragraph at lines 23--24
\OT1/cmr/m/it/10 tion
 []


Overfull \hbox (18.14433pt too wide) in paragraph at lines 23--24
\OT1/cmr/m/it/10 with
 []


Overfull \hbox (18.1443pt too wide) in paragraph at lines 23--24
\OT1/cmr/m/it/10 bub-
 []


Overfull \hbox (15.84433pt too wide) in paragraph at lines 23--24
\OT1/cmr/m/it/10 bles
 []


Overfull \hbox (8.68884pt too wide) in paragraph at lines 23--24
\OT1/cmr/m/it/10 in
 []


Overfull \hbox (17.12212pt too wide) in paragraph at lines 23--24
\OT1/cmr/m/it/10 thin
 []


Overfull \hbox (21.33873pt too wide) in paragraph at lines 23--24
\OT1/cmr/m/it/10 layer
 []


Overfull \hbox (18.14433pt too wide) in paragraph at lines 23--24
\OT1/cmr/m/it/10 with
 []


Overfull \hbox (17.88878pt too wide) in paragraph at lines 23--24
\OT1/cmr/m/it/10 high
 []


Overfull \hbox (12.77766pt too wide) in paragraph at lines 23--24
\OT1/cmr/m/it/10 ve-
 []


Overfull \hbox (15.3332pt too wide) in paragraph at lines 23--24
\OT1/cmr/m/it/10 loc-
 []


Overfull \hbox (11.24435pt too wide) in paragraph at lines 23--24
\OT1/cmr/m/it/10 ity
 []


Overfull \hbox (20.69987pt too wide) in paragraph at lines 23--24
\OT1/cmr/m/it/10 flow.
 []


Overfull \hbox (22.76653pt too wide) in paragraph at lines 23--24
\OT1/cmr/m/it/10 How-
 []


Overfull \hbox (21.08316pt too wide) in paragraph at lines 23--24
\OT1/cmr/m/it/10 ever,
 []


Overfull \hbox (21.3387pt too wide) in paragraph at lines 23--24
\OT1/cmr/m/it/10 there
 []


Overfull \hbox (7.15552pt too wide) in paragraph at lines 23--24
\OT1/cmr/m/it/10 is
 []


Overfull \hbox (10.73328pt too wide) in paragraph at lines 23--24
\OT1/cmr/m/it/10 no
 []


Overfull \hbox (15.9721pt too wide) in paragraph at lines 23--24
\OT1/cmr/m/it/10 for-
 []


Overfull \hbox (15.84436pt too wide) in paragraph at lines 23--24
\OT1/cmr/m/it/10 mal
 []


Overfull \hbox (15.84435pt too wide) in paragraph at lines 23--24
\OT1/cmr/m/it/10 dis-
 []


Overfull \hbox (17.63321pt too wide) in paragraph at lines 23--24
\OT1/cmr/m/it/10 cus-
 []


Overfull \hbox (17.8888pt too wide) in paragraph at lines 23--24
\OT1/cmr/m/it/10 sion
 []


Overfull \hbox (10.73328pt too wide) in paragraph at lines 23--24
\OT1/cmr/m/it/10 on
 []


Overfull \hbox (13.03323pt too wide) in paragraph at lines 23--24
\OT1/cmr/m/it/10 the
 []


Overfull \hbox (14.56657pt too wide) in paragraph at lines 23--24
\OT1/cmr/m/it/10 un-
 []


Overfull \hbox (16.48317pt too wide) in paragraph at lines 23--24
\OT1/cmr/m/it/10 cer-
 []


Overfull \hbox (25.29982pt too wide) in paragraph at lines 23--24
\OT1/cmr/m/it/10 tainty
 []


Overfull \hbox (22.36095pt too wide) in paragraph at lines 23--24
\OT1/cmr/m/it/10 other
 []


Overfull \hbox (19.16655pt too wide) in paragraph at lines 23--24
\OT1/cmr/m/it/10 than
 []


Overfull \hbox (13.03323pt too wide) in paragraph at lines 23--24
\OT1/cmr/m/it/10 the
 []


Overfull \hbox (15.84435pt too wide) in paragraph at lines 23--24
\OT1/cmr/m/it/10 dis-
 []


Overfull \hbox (21.59425pt too wide) in paragraph at lines 23--24
\OT1/cmr/m/it/10 crep-
 []


Overfull \hbox (20.18875pt too wide) in paragraph at lines 23--24
\OT1/cmr/m/it/10 ancy
 []


Overfull \hbox (12.26654pt too wide) in paragraph at lines 23--24
\OT1/cmr/m/it/10 be-
 []


Overfull \hbox (24.27759pt too wide) in paragraph at lines 23--24
\OT1/cmr/m/it/10 tween
 []


Overfull \hbox (13.03323pt too wide) in paragraph at lines 23--24
\OT1/cmr/m/it/10 the
 []


Overfull \hbox (22.36098pt too wide) in paragraph at lines 23--24
\OT1/cmr/m/it/10 runs.
 []


Overfull \hbox (16.1221pt too wide) in paragraph at lines 23--24
\OT1/cmr/m/it/10 Au-
 []


Overfull \hbox (21.84985pt too wide) in paragraph at lines 23--24
\OT1/cmr/m/it/10 thors
 []


Overfull \hbox (27.3443pt too wide) in paragraph at lines 23--24
\OT1/cmr/m/it/10 should
 []


Overfull \hbox (22.4887pt too wide) in paragraph at lines 23--24
\OT1/cmr/m/it/10 carry
 []


Overfull \hbox (13.79991pt too wide) in paragraph at lines 23--24
\OT1/cmr/m/it/10 out
 []


Overfull \hbox (15.9721pt too wide) in paragraph at lines 23--24
\OT1/cmr/m/it/10 for-
 []


Overfull \hbox (15.84436pt too wide) in paragraph at lines 23--24
\OT1/cmr/m/it/10 mal
 []


Overfull \hbox (14.56657pt too wide) in paragraph at lines 23--24
\OT1/cmr/m/it/10 un-
 []


Overfull \hbox (16.48317pt too wide) in paragraph at lines 23--24
\OT1/cmr/m/it/10 cer-
 []


Overfull \hbox (25.29982pt too wide) in paragraph at lines 23--24
\OT1/cmr/m/it/10 tainty
 []


Overfull \hbox (21.97765pt too wide) in paragraph at lines 23--24
\OT1/cmr/m/it/10 anal-
 []


Overfull \hbox (8.43326pt too wide) in paragraph at lines 23--24
\OT1/cmr/m/it/10 y-
 []


Overfull \hbox (11.24438pt too wide) in paragraph at lines 23--24
\OT1/cmr/m/it/10 sis
 []


Overfull \hbox (15.84436pt too wide) in paragraph at lines 23--24
\OT1/cmr/m/it/10 and
 []


Overfull \hbox (24.27762pt too wide) in paragraph at lines 23--24
\OT1/cmr/m/it/10 quan-
 []


Overfull \hbox (14.311pt too wide) in paragraph at lines 23--24
\OT1/cmr/m/it/10 tify
 []


Overfull \hbox (9.45549pt too wide) in paragraph at lines 23--24
\OT1/cmr/m/it/10 it.
 []


! LaTeX Error: Missing \begin{document}.

See the LaTeX manual or LaTeX Companion for explanation.
Type  H <return>  for immediate help.
 ...                                              
                                                  
l.25 A
      n analysis of the errors and the uncertainty associated with measureme...

You're in trouble here.  Try typing  <return>  to proceed.
If that doesn't work, type  X <return>  to quit.

Missing character: There is no A in font nullfont!
Missing character: There is no n in font nullfont!
Missing character: There is no a in font nullfont!
Missing character: There is no n in font nullfont!
Missing character: There is no a in font nullfont!
Missing character: There is no l in font nullfont!
Missing character: There is no y in font nullfont!
Missing character: There is no s in font nullfont!
Missing character: There is no i in font nullfont!
Missing character: There is no s in font nullfont!
Missing character: There is no o in font nullfont!
Missing character: There is no f in font nullfont!
Missing character: There is no t in font nullfont!
Missing character: There is no h in font nullfont!
Missing character: There is no e in font nullfont!
Missing character: There is no e in font nullfont!
Missing character: There is no r in font nullfont!
Missing character: There is no r in font nullfont!
Missing character: There is no o in font nullfont!
Missing character: There is no r in font nullfont!
Missing character: There is no s in font nullfont!
Missing character: There is no a in font nullfont!
Missing character: There is no n in font nullfont!
Missing character: There is no d in font nullfont!
Missing character: There is no t in font nullfont!
Missing character: There is no h in font nullfont!
Missing character: There is no e in font nullfont!
Missing character: There is no u in font nullfont!
Missing character: There is no n in font nullfont!
Missing character: There is no c in font nullfont!
Missing character: There is no e in font nullfont!
Missing character: There is no r in font nullfont!
Missing character: There is no t in font nullfont!
Missing character: There is no a in font nullfont!
Missing character: There is no i in font nullfont!
Missing character: There is no n in font nullfont!
Missing character: There is no t in font nullfont!
Missing character: There is no y in font nullfont!
Missing character: There is no a in font nullfont!
Missing character: There is no s in font nullfont!
Missing character: There is no s in font nullfont!
Missing character: There is no o in font nullfont!
Missing character: There is no c in font nullfont!
Missing character: There is no i in font nullfont!
Missing character: There is no a in font nullfont!
Missing character: There is no t in font nullfont!
Missing character: There is no e in font nullfont!
Missing character: There is no d in font nullfont!
Missing character: There is no w in font nullfont!
Missing character: There is no i in font nullfont!
Missing character: There is no t in font nullfont!
Missing character: There is no h in font nullfont!
Missing character: There is no m in font nullfont!
Missing character: There is no e in font nullfont!
Missing character: There is no a in font nullfont!
Missing character: There is no s in font nullfont!
Missing character: There is no u in font nullfont!
Missing character: There is no r in font nullfont!
Missing character: There is no e in font nullfont!
Missing character: There is no m in font nullfont!
Missing character: There is no e in font nullfont!
Missing character: There is no n in font nullfont!
Missing character: There is no t in font nullfont!
Missing character: There is no t in font nullfont!
Missing character: There is no e in font nullfont!
Missing character: There is no c in font nullfont!
Missing character: There is no h in font nullfont!
Missing character: There is no n in font nullfont!
Missing character: There is no i in font nullfont!
Missing character: There is no q in font nullfont!
Missing character: There is no u in font nullfont!
Missing character: There is no e in font nullfont!
Missing character: There is no P in font nullfont!
Missing character: There is no I in font nullfont!
Missing character: There is no V in font nullfont!
Missing character: There is no a in font nullfont!
Missing character: There is no r in font nullfont!
Missing character: There is no e in font nullfont!
Missing character: There is no a in font nullfont!
Missing character: There is no d in font nullfont!
Missing character: There is no d in font nullfont!
Missing character: There is no e in font nullfont!
Missing character: There is no d in font nullfont!
Missing character: There is no t in font nullfont!
Missing character: There is no o in font nullfont!
Missing character: There is no t in font nullfont!
Missing character: There is no h in font nullfont!
Missing character: There is no e in font nullfont!
Missing character: There is no m in font nullfont!
Missing character: There is no a in font nullfont!
Missing character: There is no n in font nullfont!
Missing character: There is no u in font nullfont!
Missing character: There is no s in font nullfont!
Missing character: There is no c in font nullfont!
Missing character: There is no r in font nullfont!
Missing character: There is no i in font nullfont!
Missing character: There is no p in font nullfont!
Missing character: There is no t in font nullfont!
Missing character: There is no . in font nullfont!

Overfull \hbox (20.0pt too wide) in paragraph at lines 25--26
[]
 []

)
! Emergency stop.
<*> rev2.tex
            
*** (job aborted, no legal \end found)

 
Here is how much of TeX's memory you used:
 15 strings out of 493089
 200 string characters out of 6134842
 58199 words of memory out of 5000000
 3597 multiletter control sequences out of 15000+600000
 3986 words of font info for 15 fonts, out of 8000000 for 9000
 1141 hyphenation exceptions out of 8191
 18i,4n,12p,363b,113s stack positions out of 5000i,500n,10000p,200000b,80000s
!  ==> Fatal error occurred, no output PDF file produced!
